#
# There is insufficient memory for the Java Runtime Environment to continue.
# Native memory allocation (malloc) failed to allocate 32744 bytes for ChunkPool::allocate
# Possible reasons:
#   The system is out of physical RAM or swap space
#   The process is running with CompressedOops enabled, and the Java Heap may be blocking the growth of the native heap
# Possible solutions:
#   Reduce memory load on the system
#   Increase physical memory or swap space
#   Check if swap backing store is full
#   Decrease Java heap size (-Xmx/-Xms)
#   Decrease number of Java threads
#   Decrease Java thread stack sizes (-Xss)
#   Set larger code cache with -XX:ReservedCodeCacheSize=
#   JVM is running with Unscaled Compressed Oops mode in which the Java heap is
#     placed in the first 4GB address space. The Java Heap base address is the
#     maximum limit for the native heap growth. Please use -XX:HeapBaseMinAddress
#     to set the Java Heap base and to place the Java Heap above 4GB virtual address.
# This output file may be truncated or incomplete.
#
#  Out of Memory Error (t:/workspace/open/src/hotspot/share/memory/arena.cpp:81), pid=31524, tid=30236
#
# JRE version: Java(TM) SE Runtime Environment (11.0.3+12) (build 11.0.3+12-LTS)
# Java VM: Java HotSpot(TM) 64-Bit Server VM (11.0.3+12-LTS, mixed mode, tiered, compressed oops, g1 gc, windows-amd64)
# No core dump will be written. Minidumps are not enabled by default on client versions of Windows
#

---------------  S U M M A R Y ------------

Command Line: -Dfile.encoding=Cp1252 main.XemPhong

Host: Intel(R) Core(TM) i7-5600U CPU @ 2.60GHz, 4 cores, 7G,  Windows 10 , 64 bit Build 18362 (10.0.18362.86)
Time: Tue Jul 23 02:37:54 2019 SE Asia Standard Time elapsed time: 4070 seconds (0d 1h 7m 50s)

---------------  T H R E A D  ---------------

Current thread (0x000001fcab898800):  JavaThread "C2 CompilerThread0" daemon [_thread_in_native, id=30236, stack(0x0000007084e00000,0x0000007084f00000)]


Current CompileTask:
C2:4070630 3142       4       com.mongodb.connection.ByteBufferBsonOutput::close (53 bytes)

Stack: [0x0000007084e00000,0x0000007084f00000]
Native frames: (J=compiled Java code, j=interpreted, Vv=VM code, C=native code)
V  [jvm.dll+0x63582a]
V  [jvm.dll+0x77360f]
V  [jvm.dll+0x774cba]
V  [jvm.dll+0x775373]
V  [jvm.dll+0x25e9c8]
V  [jvm.dll+0xc23fb]
V  [jvm.dll+0xc275c]
V  [jvm.dll+0x5522a4]
V  [jvm.dll+0x21a24b]
V  [jvm.dll+0x2178f6]
V  [jvm.dll+0x194300]
V  [jvm.dll+0x2269df]
V  [jvm.dll+0x224fe8]
V  [jvm.dll+0x738aed]
V  [jvm.dll+0x6348c2]
C  [ucrtbase.dll+0x1d912]
C  [KERNEL32.DLL+0x17bd4]
C  [ntdll.dll+0x6ce71]


---------------  P R O C E S S  ---------------

Threads class SMR info:
_java_thread_list=0x000001fcac859a60, length=41, elements={
0x000001fcab87a800, 0x000001fcab884000, 0x000001fcab895000, 0x000001fcab897000,
0x000001fcab898800, 0x000001fcab8a2800, 0x000001fcab8bd000, 0x000001fcac34a800,
0x000001fcac356800, 0x000001fcac6d2800, 0x000001fcac6d3800, 0x000001fcac6d8000,
0x000001fcac6ec800, 0x000001fc8d580000, 0x000001fcac9f4000, 0x000001fcac84b800,
0x000001fcadfae800, 0x000001fcadf8c800, 0x000001fcadf8d000, 0x000001fcadf7c000,
0x000001fcadfa4000, 0x000001fcadfa7000, 0x000001fcadfa2800, 0x000001fcadfa8000,
0x000001fcadfa3000, 0x000001fcadfa9000, 0x000001fcadfa5000, 0x000001fcadfa5800,
0x000001fcadfa6800, 0x000001fcac4bc000, 0x000001fcac4bb000, 0x000001fcac4c2800,
0x000001fcac4bf000, 0x000001fcac4c0000, 0x000001fcac4c1000, 0x000001fcac4bc800,
0x000001fcac4c1800, 0x000001fcac4c3000, 0x000001fcac4bd800, 0x000001fcac4c4000,
0x000001fcac4be800
}

Java Threads: ( => current thread )
  0x000001fcab87a800 JavaThread "Reference Handler" daemon [_thread_blocked, id=30092, stack(0x0000007084a00000,0x0000007084b00000)]
  0x000001fcab884000 JavaThread "Finalizer" daemon [_thread_blocked, id=30704, stack(0x0000007084b00000,0x0000007084c00000)]
  0x000001fcab895000 JavaThread "Signal Dispatcher" daemon [_thread_blocked, id=11696, stack(0x0000007084c00000,0x0000007084d00000)]
  0x000001fcab897000 JavaThread "Attach Listener" daemon [_thread_blocked, id=22820, stack(0x0000007084d00000,0x0000007084e00000)]
=>0x000001fcab898800 JavaThread "C2 CompilerThread0" daemon [_thread_in_native, id=30236, stack(0x0000007084e00000,0x0000007084f00000)]
  0x000001fcab8a2800 JavaThread "C1 CompilerThread0" daemon [_thread_blocked, id=29024, stack(0x0000007084f00000,0x0000007085000000)]
  0x000001fcab8bd000 JavaThread "Sweeper thread" daemon [_thread_blocked, id=31452, stack(0x0000007085000000,0x0000007085100000)]
  0x000001fcac34a800 JavaThread "Service Thread" daemon [_thread_blocked, id=31448, stack(0x0000007085100000,0x0000007085200000)]
  0x000001fcac356800 JavaThread "Common-Cleaner" daemon [_thread_blocked, id=31092, stack(0x0000007085300000,0x0000007085400000)]
  0x000001fcac6d2800 JavaThread "Java2D Disposer" daemon [_thread_blocked, id=31212, stack(0x0000007085400000,0x0000007085500000)]
  0x000001fcac6d3800 JavaThread "AWT-Shutdown" [_thread_blocked, id=28284, stack(0x0000007085500000,0x0000007085600000)]
  0x000001fcac6d8000 JavaThread "AWT-Windows" daemon [_thread_in_native, id=29352, stack(0x0000007085600000,0x0000007085700000)]
  0x000001fcac6ec800 JavaThread "AWT-EventQueue-0" [_thread_blocked, id=28660, stack(0x0000007085700000,0x0000007085800000)]
  0x000001fc8d580000 JavaThread "DestroyJavaVM" [_thread_blocked, id=31084, stack(0x0000007084300000,0x0000007084400000)]
  0x000001fcac9f4000 JavaThread "cluster-ClusterId{value='5d3600ac5e81d56059bdf3e1', description='null'}-localhost:27017" daemon [_thread_blocked, id=30240, stack(0x0000007085800000,0x0000007085900000)]
  0x000001fcac84b800 JavaThread "CleanCursors-1-thread-1" daemon [_thread_blocked, id=30460, stack(0x0000007085c00000,0x0000007085d00000)]
  0x000001fcadfae800 JavaThread "cluster-ClusterId{value='5d3600ad5e81d56059bdf3e2', description='null'}-localhost:27017" daemon [_thread_blocked, id=31280, stack(0x0000007085e00000,0x0000007085f00000)]
  0x000001fcadf8c800 JavaThread "CleanCursors-2-thread-1" daemon [_thread_blocked, id=30660, stack(0x0000007085f00000,0x0000007086000000)]
  0x000001fcadf8d000 JavaThread "cluster-ClusterId{value='5d3600ad5e81d56059bdf3e3', description='null'}-localhost:27017" daemon [_thread_blocked, id=31284, stack(0x0000007086000000,0x0000007086100000)]
  0x000001fcadf7c000 JavaThread "CleanCursors-3-thread-1" daemon [_thread_blocked, id=31388, stack(0x0000007086100000,0x0000007086200000)]
  0x000001fcadfa4000 JavaThread "cluster-ClusterId{value='5d3600ad5e81d56059bdf3e4', description='null'}-localhost:27017" daemon [_thread_blocked, id=31468, stack(0x0000007086200000,0x0000007086300000)]
  0x000001fcadfa7000 JavaThread "CleanCursors-4-thread-1" daemon [_thread_blocked, id=31160, stack(0x0000007086300000,0x0000007086400000)]
  0x000001fcadfa2800 JavaThread "TimerQueue" daemon [_thread_blocked, id=4588, stack(0x0000007086400000,0x0000007086500000)]
  0x000001fcadfa8000 JavaThread "cluster-ClusterId{value='5d3600b35e81d56059bdf3e5', description='null'}-localhost:27017" daemon [_thread_blocked, id=29492, stack(0x0000007086500000,0x0000007086600000)]
  0x000001fcadfa3000 JavaThread "CleanCursors-5-thread-1" daemon [_thread_blocked, id=28556, stack(0x0000007086600000,0x0000007086700000)]
  0x000001fcadfa9000 JavaThread "cluster-ClusterId{value='5d3600b35e81d56059bdf3e6', description='null'}-localhost:27017" daemon [_thread_blocked, id=25652, stack(0x0000007086700000,0x0000007086800000)]
  0x000001fcadfa5000 JavaThread "CleanCursors-6-thread-1" daemon [_thread_blocked, id=30656, stack(0x0000007086800000,0x0000007086900000)]
  0x000001fcadfa5800 JavaThread "cluster-ClusterId{value='5d3600b35e81d56059bdf3e7', description='null'}-localhost:27017" daemon [_thread_blocked, id=30512, stack(0x0000007086900000,0x0000007086a00000)]
  0x000001fcadfa6800 JavaThread "CleanCursors-7-thread-1" daemon [_thread_blocked, id=11488, stack(0x0000007086a00000,0x0000007086b00000)]
  0x000001fcac4bc000 JavaThread "cluster-ClusterId{value='5d3600b55e81d56059bdf3e8', description='null'}-localhost:27017" daemon [_thread_blocked, id=29916, stack(0x0000007086b00000,0x0000007086c00000)]
  0x000001fcac4bb000 JavaThread "CleanCursors-8-thread-1" daemon [_thread_blocked, id=28228, stack(0x0000007086c00000,0x0000007086d00000)]
  0x000001fcac4c2800 JavaThread "cluster-ClusterId{value='5d3600b55e81d56059bdf3e9', description='null'}-localhost:27017" daemon [_thread_blocked, id=31204, stack(0x0000007086d00000,0x0000007086e00000)]
  0x000001fcac4bf000 JavaThread "CleanCursors-9-thread-1" daemon [_thread_blocked, id=31288, stack(0x0000007086e00000,0x0000007086f00000)]
  0x000001fcac4c0000 JavaThread "cluster-ClusterId{value='5d3600b55e81d56059bdf3ea', description='null'}-localhost:27017" daemon [_thread_blocked, id=31000, stack(0x0000007086f00000,0x0000007087000000)]
  0x000001fcac4c1000 JavaThread "CleanCursors-10-thread-1" daemon [_thread_blocked, id=30468, stack(0x0000007087000000,0x0000007087100000)]
  0x000001fcac4bc800 JavaThread "cluster-ClusterId{value='5d3600b85e81d56059bdf3eb', description='null'}-localhost:27017" daemon [_thread_blocked, id=31880, stack(0x0000007087100000,0x0000007087200000)]
  0x000001fcac4c1800 JavaThread "CleanCursors-11-thread-1" daemon [_thread_blocked, id=31884, stack(0x0000007087200000,0x0000007087300000)]
  0x000001fcac4c3000 JavaThread "cluster-ClusterId{value='5d3600b85e81d56059bdf3ec', description='null'}-localhost:27017" daemon [_thread_blocked, id=31892, stack(0x0000007087300000,0x0000007087400000)]
  0x000001fcac4bd800 JavaThread "CleanCursors-12-thread-1" daemon [_thread_blocked, id=31896, stack(0x0000007087400000,0x0000007087500000)]
  0x000001fcac4c4000 JavaThread "cluster-ClusterId{value='5d3600b85e81d56059bdf3ed', description='null'}-localhost:27017" daemon [_thread_blocked, id=31908, stack(0x0000007087500000,0x0000007087600000)]
  0x000001fcac4be800 JavaThread "CleanCursors-13-thread-1" daemon [_thread_blocked, id=31912, stack(0x0000007087600000,0x0000007087700000)]

Other Threads:
  0x000001fcab853800 VMThread "VM Thread" [stack: 0x0000007084900000,0x0000007084a00000] [id=30536]
  0x000001fcac355000 WatcherThread [stack: 0x0000007085200000,0x0000007085300000] [id=7568]
  0x000001fc8d597800 GCTaskThread "GC Thread#0" [stack: 0x0000007084400000,0x0000007084500000] [id=31492]
  0x000001fcae06d000 GCTaskThread "GC Thread#1" [stack: 0x0000007085900000,0x0000007085a00000] [id=31152]
  0x000001fcadf0e800 GCTaskThread "GC Thread#2" [stack: 0x0000007085a00000,0x0000007085b00000] [id=30164]
  0x000001fcadf0f000 GCTaskThread "GC Thread#3" [stack: 0x0000007085b00000,0x0000007085c00000] [id=30196]
  0x000001fc8d5c7000 ConcurrentGCThread "G1 Main Marker" [stack: 0x0000007084500000,0x0000007084600000] [id=13540]
  0x000001fc8d5c8800 ConcurrentGCThread "G1 Conc#0" [stack: 0x0000007084600000,0x0000007084700000] [id=31704]
  0x000001fc8d65c000 ConcurrentGCThread "G1 Refine#0" [stack: 0x0000007084700000,0x0000007084800000] [id=29300]
  0x000001fc8d65d000 ConcurrentGCThread "G1 Young RemSet Sampling" [stack: 0x0000007084800000,0x0000007084900000] [id=31176]

Threads with active compile tasks:
C2 CompilerThread03142       4       com.mongodb.connection.ByteBufferBsonOutput::close (53 bytes)

VM state:not at safepoint (normal execution)

VM Mutex/Monitor currently owned by a thread: None

Heap address: 0x0000000082000000, size: 2016 MB, Compressed Oops mode: 32-bit
Narrow klass base: 0x0000000000000000, Narrow klass shift: 3
Compressed class space size: 1073741824 Address: 0x0000000100000000

Heap:
 garbage-first heap   total 129024K, used 46516K [0x0000000082000000, 0x0000000100000000)
  region size 1024K, 39 young (39936K), 3 survivors (3072K)
 Metaspace       used 25343K, capacity 25876K, committed 26112K, reserved 1073152K
  class space    used 2750K, capacity 2983K, committed 3072K, reserved 1048576K
Heap Regions: E=young(eden), S=young(survivor), O=old, HS=humongous(starts), HC=humongous(continues), CS=collection set, F=free, A=archive, TAMS=top-at-mark-start (previous, next)
|   0|0x0000000082000000, 0x0000000082100000, 0x0000000082100000|100%| O|  |TAMS 0x00000000820c3e00, 0x0000000082000000| Untracked 
|   1|0x0000000082100000, 0x0000000082200000, 0x0000000082200000|100%|HS|  |TAMS 0x0000000082100000, 0x0000000082100000| Complete 
|   2|0x0000000082200000, 0x0000000082300000, 0x0000000082300000|100%|HC|  |TAMS 0x0000000082200000, 0x0000000082200000| Complete 
|   3|0x0000000082300000, 0x0000000082400000, 0x0000000082400000|100%|HC|  |TAMS 0x0000000082300000, 0x0000000082300000| Complete 
|   4|0x0000000082400000, 0x0000000082500000, 0x0000000082500000|100%|HC|  |TAMS 0x0000000082400000, 0x0000000082400000| Complete 
|   5|0x0000000082500000, 0x0000000082600000, 0x0000000082600000|100%|HC|  |TAMS 0x0000000082500000, 0x0000000082500000| Complete 
|   6|0x0000000082600000, 0x0000000082700000, 0x0000000082700000|100%| O|  |TAMS 0x0000000082600000, 0x0000000082600000| Untracked 
|   7|0x0000000082700000, 0x00000000827b0e00, 0x0000000082800000| 69%| O|  |TAMS 0x0000000082700000, 0x0000000082700000| Untracked 
|   8|0x0000000082800000, 0x0000000082800000, 0x0000000082900000|  0%| F|  |TAMS 0x0000000082800000, 0x0000000082800000| Untracked 
|   9|0x0000000082900000, 0x0000000082900000, 0x0000000082a00000|  0%| F|  |TAMS 0x0000000082900000, 0x0000000082900000| Untracked 
|  10|0x0000000082a00000, 0x0000000082a00000, 0x0000000082b00000|  0%| F|  |TAMS 0x0000000082a00000, 0x0000000082a00000| Untracked 
|  11|0x0000000082b00000, 0x0000000082b00000, 0x0000000082c00000|  0%| F|  |TAMS 0x0000000082b00000, 0x0000000082b00000| Untracked 
|  12|0x0000000082c00000, 0x0000000082c00000, 0x0000000082d00000|  0%| F|  |TAMS 0x0000000082c00000, 0x0000000082c00000| Untracked 
|  13|0x0000000082d00000, 0x0000000082d00000, 0x0000000082e00000|  0%| F|  |TAMS 0x0000000082d00000, 0x0000000082d00000| Untracked 
|  14|0x0000000082e00000, 0x0000000082e00000, 0x0000000082f00000|  0%| F|  |TAMS 0x0000000082e00000, 0x0000000082e00000| Untracked 
|  15|0x0000000082f00000, 0x0000000082f00000, 0x0000000083000000|  0%| F|  |TAMS 0x0000000082f00000, 0x0000000082f00000| Untracked 
|  16|0x0000000083000000, 0x0000000083000000, 0x0000000083100000|  0%| F|  |TAMS 0x0000000083000000, 0x0000000083000000| Untracked 
|  17|0x0000000083100000, 0x0000000083100000, 0x0000000083200000|  0%| F|  |TAMS 0x0000000083100000, 0x0000000083100000| Untracked 
|  18|0x0000000083200000, 0x0000000083200000, 0x0000000083300000|  0%| F|  |TAMS 0x0000000083200000, 0x0000000083200000| Untracked 
|  19|0x0000000083300000, 0x0000000083300000, 0x0000000083400000|  0%| F|  |TAMS 0x0000000083300000, 0x0000000083300000| Untracked 
|  20|0x0000000083400000, 0x0000000083400000, 0x0000000083500000|  0%| F|  |TAMS 0x0000000083400000, 0x0000000083400000| Untracked 
|  21|0x0000000083500000, 0x0000000083500000, 0x0000000083600000|  0%| F|  |TAMS 0x0000000083500000, 0x0000000083500000| Untracked 
|  22|0x0000000083600000, 0x0000000083600000, 0x0000000083700000|  0%| F|  |TAMS 0x0000000083600000, 0x0000000083600000| Untracked 
|  23|0x0000000083700000, 0x0000000083700000, 0x0000000083800000|  0%| F|  |TAMS 0x0000000083700000, 0x0000000083700000| Untracked 
|  24|0x0000000083800000, 0x0000000083800000, 0x0000000083900000|  0%| F|  |TAMS 0x0000000083800000, 0x0000000083800000| Untracked 
|  25|0x0000000083900000, 0x0000000083900000, 0x0000000083a00000|  0%| F|  |TAMS 0x0000000083900000, 0x0000000083900000| Untracked 
|  26|0x0000000083a00000, 0x0000000083a00000, 0x0000000083b00000|  0%| F|  |TAMS 0x0000000083a00000, 0x0000000083a00000| Untracked 
|  27|0x0000000083b00000, 0x0000000083b00000, 0x0000000083c00000|  0%| F|  |TAMS 0x0000000083b00000, 0x0000000083b00000| Untracked 
|  28|0x0000000083c00000, 0x0000000083c00000, 0x0000000083d00000|  0%| F|  |TAMS 0x0000000083c00000, 0x0000000083c00000| Untracked 
|  29|0x0000000083d00000, 0x0000000083d00000, 0x0000000083e00000|  0%| F|  |TAMS 0x0000000083d00000, 0x0000000083d00000| Untracked 
|  30|0x0000000083e00000, 0x0000000083e00000, 0x0000000083f00000|  0%| F|  |TAMS 0x0000000083e00000, 0x0000000083e00000| Untracked 
|  31|0x0000000083f00000, 0x0000000083f00000, 0x0000000084000000|  0%| F|  |TAMS 0x0000000083f00000, 0x0000000083f00000| Untracked 
|  32|0x0000000084000000, 0x0000000084000000, 0x0000000084100000|  0%| F|  |TAMS 0x0000000084000000, 0x0000000084000000| Untracked 
|  33|0x0000000084100000, 0x0000000084100000, 0x0000000084200000|  0%| F|  |TAMS 0x0000000084100000, 0x0000000084100000| Untracked 
|  34|0x0000000084200000, 0x0000000084200000, 0x0000000084300000|  0%| F|  |TAMS 0x0000000084200000, 0x0000000084200000| Untracked 
|  35|0x0000000084300000, 0x0000000084300000, 0x0000000084400000|  0%| F|  |TAMS 0x0000000084300000, 0x0000000084300000| Untracked 
|  36|0x0000000084400000, 0x0000000084400000, 0x0000000084500000|  0%| F|  |TAMS 0x0000000084400000, 0x0000000084400000| Untracked 
|  37|0x0000000084500000, 0x0000000084500000, 0x0000000084600000|  0%| F|  |TAMS 0x0000000084500000, 0x0000000084500000| Untracked 
|  38|0x0000000084600000, 0x0000000084600000, 0x0000000084700000|  0%| F|  |TAMS 0x0000000084600000, 0x0000000084600000| Untracked 
|  39|0x0000000084700000, 0x0000000084700000, 0x0000000084800000|  0%| F|  |TAMS 0x0000000084700000, 0x0000000084700000| Untracked 
|  40|0x0000000084800000, 0x0000000084800000, 0x0000000084900000|  0%| F|  |TAMS 0x0000000084800000, 0x0000000084800000| Untracked 
|  41|0x0000000084900000, 0x0000000084900000, 0x0000000084a00000|  0%| F|  |TAMS 0x0000000084900000, 0x0000000084900000| Untracked 
|  42|0x0000000084a00000, 0x0000000084a00000, 0x0000000084b00000|  0%| F|  |TAMS 0x0000000084a00000, 0x0000000084a00000| Untracked 
|  43|0x0000000084b00000, 0x0000000084b00000, 0x0000000084c00000|  0%| F|  |TAMS 0x0000000084b00000, 0x0000000084b00000| Untracked 
|  44|0x0000000084c00000, 0x0000000084c00000, 0x0000000084d00000|  0%| F|  |TAMS 0x0000000084c00000, 0x0000000084c00000| Untracked 
|  45|0x0000000084d00000, 0x0000000084d00000, 0x0000000084e00000|  0%| F|  |TAMS 0x0000000084d00000, 0x0000000084d00000| Untracked 
|  46|0x0000000084e00000, 0x0000000084e00000, 0x0000000084f00000|  0%| F|  |TAMS 0x0000000084e00000, 0x0000000084e00000| Untracked 
|  47|0x0000000084f00000, 0x0000000084f00000, 0x0000000085000000|  0%| F|  |TAMS 0x0000000084f00000, 0x0000000084f00000| Untracked 
|  48|0x0000000085000000, 0x0000000085000000, 0x0000000085100000|  0%| F|  |TAMS 0x0000000085000000, 0x0000000085000000| Untracked 
|  49|0x0000000085100000, 0x0000000085100000, 0x0000000085200000|  0%| F|  |TAMS 0x0000000085100000, 0x0000000085100000| Untracked 
|  50|0x0000000085200000, 0x0000000085200000, 0x0000000085300000|  0%| F|  |TAMS 0x0000000085200000, 0x0000000085200000| Untracked 
|  51|0x0000000085300000, 0x0000000085300000, 0x0000000085400000|  0%| F|  |TAMS 0x0000000085300000, 0x0000000085300000| Untracked 
|  52|0x0000000085400000, 0x0000000085400000, 0x0000000085500000|  0%| F|  |TAMS 0x0000000085400000, 0x0000000085400000| Untracked 
|  53|0x0000000085500000, 0x0000000085500000, 0x0000000085600000|  0%| F|  |TAMS 0x0000000085500000, 0x0000000085500000| Untracked 
|  54|0x0000000085600000, 0x0000000085600000, 0x0000000085700000|  0%| F|  |TAMS 0x0000000085600000, 0x0000000085600000| Untracked 
|  55|0x0000000085700000, 0x0000000085700000, 0x0000000085800000|  0%| F|  |TAMS 0x0000000085700000, 0x0000000085700000| Untracked 
|  56|0x0000000085800000, 0x0000000085800000, 0x0000000085900000|  0%| F|  |TAMS 0x0000000085800000, 0x0000000085800000| Untracked 
|  57|0x0000000085900000, 0x0000000085900000, 0x0000000085a00000|  0%| F|  |TAMS 0x0000000085900000, 0x0000000085900000| Untracked 
|  58|0x0000000085a00000, 0x0000000085a00000, 0x0000000085b00000|  0%| F|  |TAMS 0x0000000085a00000, 0x0000000085a00000| Untracked 
|  59|0x0000000085b00000, 0x0000000085b00000, 0x0000000085c00000|  0%| F|  |TAMS 0x0000000085b00000, 0x0000000085b00000| Untracked 
|  60|0x0000000085c00000, 0x0000000085c00000, 0x0000000085d00000|  0%| F|  |TAMS 0x0000000085c00000, 0x0000000085c00000| Untracked 
|  61|0x0000000085d00000, 0x0000000085d00000, 0x0000000085e00000|  0%| F|  |TAMS 0x0000000085d00000, 0x0000000085d00000| Untracked 
|  62|0x0000000085e00000, 0x0000000085e00000, 0x0000000085f00000|  0%| F|  |TAMS 0x0000000085e00000, 0x0000000085e00000| Untracked 
|  63|0x0000000085f00000, 0x0000000085f00000, 0x0000000086000000|  0%| F|  |TAMS 0x0000000085f00000, 0x0000000085f00000| Untracked 
|  64|0x0000000086000000, 0x0000000086000000, 0x0000000086100000|  0%| F|  |TAMS 0x0000000086000000, 0x0000000086000000| Untracked 
|  65|0x0000000086100000, 0x0000000086100000, 0x0000000086200000|  0%| F|  |TAMS 0x0000000086100000, 0x0000000086100000| Untracked 
|  66|0x0000000086200000, 0x0000000086200000, 0x0000000086300000|  0%| F|  |TAMS 0x0000000086200000, 0x0000000086200000| Untracked 
|  67|0x0000000086300000, 0x0000000086300000, 0x0000000086400000|  0%| F|  |TAMS 0x0000000086300000, 0x0000000086300000| Untracked 
|  68|0x0000000086400000, 0x0000000086400000, 0x0000000086500000|  0%| F|  |TAMS 0x0000000086400000, 0x0000000086400000| Untracked 
|  69|0x0000000086500000, 0x0000000086500000, 0x0000000086600000|  0%| F|  |TAMS 0x0000000086500000, 0x0000000086500000| Untracked 
|  70|0x0000000086600000, 0x0000000086600000, 0x0000000086700000|  0%| F|  |TAMS 0x0000000086600000, 0x0000000086600000| Untracked 
|  71|0x0000000086700000, 0x0000000086700000, 0x0000000086800000|  0%| F|  |TAMS 0x0000000086700000, 0x0000000086700000| Untracked 
|  72|0x0000000086800000, 0x0000000086800000, 0x0000000086900000|  0%| F|  |TAMS 0x0000000086800000, 0x0000000086800000| Untracked 
|  73|0x0000000086900000, 0x0000000086900000, 0x0000000086a00000|  0%| F|  |TAMS 0x0000000086900000, 0x0000000086900000| Untracked 
|  74|0x0000000086a00000, 0x0000000086a00000, 0x0000000086b00000|  0%| F|  |TAMS 0x0000000086a00000, 0x0000000086a00000| Untracked 
|  75|0x0000000086b00000, 0x0000000086b00000, 0x0000000086c00000|  0%| F|  |TAMS 0x0000000086b00000, 0x0000000086b00000| Untracked 
|  76|0x0000000086c00000, 0x0000000086c00000, 0x0000000086d00000|  0%| F|  |TAMS 0x0000000086c00000, 0x0000000086c00000| Untracked 
|  77|0x0000000086d00000, 0x0000000086d00000, 0x0000000086e00000|  0%| F|  |TAMS 0x0000000086d00000, 0x0000000086d00000| Untracked 
|  78|0x0000000086e00000, 0x0000000086e00000, 0x0000000086f00000|  0%| F|  |TAMS 0x0000000086e00000, 0x0000000086e00000| Untracked 
|  79|0x0000000086f00000, 0x0000000086fbc250, 0x0000000087000000| 73%| S|CS|TAMS 0x0000000086f00000, 0x0000000086f00000| Complete 
|  80|0x0000000087000000, 0x0000000087100000, 0x0000000087100000|100%| S|CS|TAMS 0x0000000087000000, 0x0000000087000000| Complete 
|  81|0x0000000087100000, 0x0000000087200000, 0x0000000087200000|100%| S|CS|TAMS 0x0000000087100000, 0x0000000087100000| Complete 
|  82|0x0000000087200000, 0x0000000087200000, 0x0000000087300000|  0%| F|  |TAMS 0x0000000087200000, 0x0000000087200000| Untracked 
|  83|0x0000000087300000, 0x0000000087300000, 0x0000000087400000|  0%| F|  |TAMS 0x0000000087300000, 0x0000000087300000| Untracked 
|  84|0x0000000087400000, 0x0000000087400000, 0x0000000087500000|  0%| F|  |TAMS 0x0000000087400000, 0x0000000087400000| Untracked 
|  85|0x0000000087500000, 0x0000000087500000, 0x0000000087600000|  0%| F|  |TAMS 0x0000000087500000, 0x0000000087500000| Untracked 
|  86|0x0000000087600000, 0x0000000087600000, 0x0000000087700000|  0%| F|  |TAMS 0x0000000087600000, 0x0000000087600000| Untracked 
|  87|0x0000000087700000, 0x0000000087700000, 0x0000000087800000|  0%| F|  |TAMS 0x0000000087700000, 0x0000000087700000| Untracked 
|  88|0x0000000087800000, 0x0000000087800000, 0x0000000087900000|  0%| F|  |TAMS 0x0000000087800000, 0x0000000087800000| Untracked 
|  89|0x0000000087900000, 0x0000000087900000, 0x0000000087a00000|  0%| F|  |TAMS 0x0000000087900000, 0x0000000087900000| Untracked 
|  90|0x0000000087a00000, 0x0000000087af88f8, 0x0000000087b00000| 97%| E|  |TAMS 0x0000000087a00000, 0x0000000087a00000| Complete 
|  91|0x0000000087b00000, 0x0000000087c00000, 0x0000000087c00000|100%| E|CS|TAMS 0x0000000087b00000, 0x0000000087b00000| Complete 
|  92|0x0000000087c00000, 0x0000000087d00000, 0x0000000087d00000|100%| E|CS|TAMS 0x0000000087c00000, 0x0000000087c00000| Complete 
|  93|0x0000000087d00000, 0x0000000087e00000, 0x0000000087e00000|100%| E|CS|TAMS 0x0000000087d00000, 0x0000000087d00000| Complete 
|  94|0x0000000087e00000, 0x0000000087f00000, 0x0000000087f00000|100%| E|CS|TAMS 0x0000000087e00000, 0x0000000087e00000| Complete 
|  95|0x0000000087f00000, 0x0000000088000000, 0x0000000088000000|100%| E|CS|TAMS 0x0000000087f00000, 0x0000000087f00000| Complete 
|  96|0x0000000088000000, 0x0000000088100000, 0x0000000088100000|100%| E|CS|TAMS 0x0000000088000000, 0x0000000088000000| Complete 
|  97|0x0000000088100000, 0x0000000088200000, 0x0000000088200000|100%| E|CS|TAMS 0x0000000088100000, 0x0000000088100000| Complete 
|  98|0x0000000088200000, 0x0000000088300000, 0x0000000088300000|100%| E|CS|TAMS 0x0000000088200000, 0x0000000088200000| Complete 
|  99|0x0000000088300000, 0x0000000088400000, 0x0000000088400000|100%| E|CS|TAMS 0x0000000088300000, 0x0000000088300000| Complete 
| 100|0x0000000088400000, 0x0000000088500000, 0x0000000088500000|100%| E|CS|TAMS 0x0000000088400000, 0x0000000088400000| Complete 
| 101|0x0000000088500000, 0x0000000088600000, 0x0000000088600000|100%| E|CS|TAMS 0x0000000088500000, 0x0000000088500000| Complete 
| 102|0x0000000088600000, 0x0000000088700000, 0x0000000088700000|100%| E|CS|TAMS 0x0000000088600000, 0x0000000088600000| Complete 
| 103|0x0000000088700000, 0x0000000088800000, 0x0000000088800000|100%| E|CS|TAMS 0x0000000088700000, 0x0000000088700000| Complete 
| 104|0x0000000088800000, 0x0000000088900000, 0x0000000088900000|100%| E|CS|TAMS 0x0000000088800000, 0x0000000088800000| Complete 
| 105|0x0000000088900000, 0x0000000088a00000, 0x0000000088a00000|100%| E|CS|TAMS 0x0000000088900000, 0x0000000088900000| Complete 
| 106|0x0000000088a00000, 0x0000000088b00000, 0x0000000088b00000|100%| E|CS|TAMS 0x0000000088a00000, 0x0000000088a00000| Complete 
| 107|0x0000000088b00000, 0x0000000088c00000, 0x0000000088c00000|100%| E|CS|TAMS 0x0000000088b00000, 0x0000000088b00000| Complete 
| 108|0x0000000088c00000, 0x0000000088d00000, 0x0000000088d00000|100%| E|CS|TAMS 0x0000000088c00000, 0x0000000088c00000| Complete 
| 109|0x0000000088d00000, 0x0000000088e00000, 0x0000000088e00000|100%| E|CS|TAMS 0x0000000088d00000, 0x0000000088d00000| Complete 
| 110|0x0000000088e00000, 0x0000000088f00000, 0x0000000088f00000|100%| E|CS|TAMS 0x0000000088e00000, 0x0000000088e00000| Complete 
| 111|0x0000000088f00000, 0x0000000089000000, 0x0000000089000000|100%| E|CS|TAMS 0x0000000088f00000, 0x0000000088f00000| Complete 
| 112|0x0000000089000000, 0x0000000089100000, 0x0000000089100000|100%| E|CS|TAMS 0x0000000089000000, 0x0000000089000000| Complete 
| 113|0x0000000089100000, 0x0000000089200000, 0x0000000089200000|100%| E|CS|TAMS 0x0000000089100000, 0x0000000089100000| Complete 
| 114|0x0000000089200000, 0x0000000089300000, 0x0000000089300000|100%| E|CS|TAMS 0x0000000089200000, 0x0000000089200000| Complete 
| 115|0x0000000089300000, 0x0000000089400000, 0x0000000089400000|100%| E|CS|TAMS 0x0000000089300000, 0x0000000089300000| Complete 
| 116|0x0000000089400000, 0x0000000089500000, 0x0000000089500000|100%| E|CS|TAMS 0x0000000089400000, 0x0000000089400000| Complete 
| 117|0x0000000089500000, 0x0000000089600000, 0x0000000089600000|100%| E|CS|TAMS 0x0000000089500000, 0x0000000089500000| Complete 
| 118|0x0000000089600000, 0x0000000089700000, 0x0000000089700000|100%| E|CS|TAMS 0x0000000089600000, 0x0000000089600000| Complete 
| 119|0x0000000089700000, 0x0000000089800000, 0x0000000089800000|100%| E|CS|TAMS 0x0000000089700000, 0x0000000089700000| Complete 
| 120|0x0000000089800000, 0x0000000089900000, 0x0000000089900000|100%| E|CS|TAMS 0x0000000089800000, 0x0000000089800000| Complete 
| 121|0x0000000089900000, 0x0000000089a00000, 0x0000000089a00000|100%| E|CS|TAMS 0x0000000089900000, 0x0000000089900000| Complete 
| 122|0x0000000089a00000, 0x0000000089b00000, 0x0000000089b00000|100%| E|CS|TAMS 0x0000000089a00000, 0x0000000089a00000| Complete 
| 123|0x0000000089b00000, 0x0000000089c00000, 0x0000000089c00000|100%| E|CS|TAMS 0x0000000089b00000, 0x0000000089b00000| Complete 
| 124|0x0000000089c00000, 0x0000000089d00000, 0x0000000089d00000|100%| E|CS|TAMS 0x0000000089c00000, 0x0000000089c00000| Complete 
| 125|0x0000000089d00000, 0x0000000089e00000, 0x0000000089e00000|100%| E|CS|TAMS 0x0000000089d00000, 0x0000000089d00000| Complete 

Card table byte_map: [0x000001fca4cb0000,0x000001fca50a0000] _byte_map_base: 0x000001fca48a0000

Marking Bits (Prev, Next): (CMBitMap*) 0x000001fc8d5be370, (CMBitMap*) 0x000001fc8d5be338
 Prev Bits: [0x000001fca7410000, 0x000001fca9390000)
 Next Bits: [0x000001fca5490000, 0x000001fca7410000)

Polling page: 0x000001fc8b3d0000

Metaspace:

Usage:
  Non-class:     22.36 MB capacity,    22.06 MB ( 99%) used,   242.03 KB (  1%) free+waste,    57.56 KB ( <1%) overhead. 
      Class:      2.91 MB capacity,     2.69 MB ( 92%) used,   204.17 KB (  7%) free+waste,    28.50 KB ( <1%) overhead. 
       Both:     25.27 MB capacity,    24.75 MB ( 98%) used,   446.20 KB (  2%) free+waste,    86.06 KB ( <1%) overhead. 

Virtual space:
  Non-class space:       24.00 MB reserved,      22.50 MB ( 94%) committed 
      Class space:        1.00 GB reserved,       3.00 MB ( <1%) committed 
             Both:        1.02 GB reserved,      25.50 MB (  2%) committed 

Chunk freelists:
   Non-Class:  2.38 KB
       Class:  3.13 KB
        Both:  5.50 KB

CodeHeap 'non-profiled nmethods': size=120064Kb used=1225Kb max_used=1225Kb free=118838Kb
 bounds [0x000001fc9d380000, 0x000001fc9d5f0000, 0x000001fca48c0000]
CodeHeap 'profiled nmethods': size=120000Kb used=5376Kb max_used=5867Kb free=114623Kb
 bounds [0x000001fc95e50000, 0x000001fc96430000, 0x000001fc9d380000]
CodeHeap 'non-nmethods': size=5696Kb used=1257Kb max_used=1289Kb free=4438Kb
 bounds [0x000001fc958c0000, 0x000001fc95b30000, 0x000001fc95e50000]
 total_blobs=4494 nmethods=2757 adapters=562
 compilation: enabled
              stopped_count=0, restarted_count=0
 full_count=0

Compilation events (10 events):
Event: 3952.156 Thread 0x000001fcab898800 nmethod 3137 0x000001fc9d4a2c90 code [0x000001fc9d4a3000, 0x000001fc9d4a48e8]
Event: 3982.070 Thread 0x000001fcab898800 3138       4       org.bson.codecs.BsonDocumentCodec::<init> (39 bytes)
Event: 3982.081 Thread 0x000001fcab898800 nmethod 3138 0x000001fc9d4a5e90 code [0x000001fc9d4a6040, 0x000001fc9d4a6308]
Event: 4012.128 Thread 0x000001fcab898800 3139       4       org.bson.AbstractBsonWriter::writeStartDocument (124 bytes)
Event: 4012.196 Thread 0x000001fcab898800 nmethod 3139 0x000001fc9d4a6410 code [0x000001fc9d4a6660, 0x000001fc9d4a7638]
Event: 4020.609 Thread 0x000001fcab898800 3140       4       org.bson.codecs.BsonDocumentCodec::encode (109 bytes)
Event: 4020.824 Thread 0x000001fcab898800 nmethod 3140 0x000001fc9d4a7e10 code [0x000001fc9d4a8520, 0x000001fc9d4ad848]
Event: 4048.944 Thread 0x000001fcab898800 3141       4       org.bson.codecs.BsonDocumentCodec::decode (7 bytes)
Event: 4048.946 Thread 0x000001fcab898800 nmethod 3141 0x000001fc9d4b2390 code [0x000001fc9d4b2520, 0x000001fc9d4b25a8]
Event: 4070.616 Thread 0x000001fcab898800 3142       4       com.mongodb.connection.ByteBufferBsonOutput::close (53 bytes)

GC Heap History (8 events):
Event: 0.950 GC heap before
{Heap before GC invocations=0 (full 0):
 garbage-first heap   total 129024K, used 14336K [0x0000000082000000, 0x0000000100000000)
  region size 1024K, 14 young (14336K), 0 survivors (0K)
 Metaspace       used 17392K, capacity 17791K, committed 18048K, reserved 1064960K
  class space    used 1949K, capacity 2144K, committed 2176K, reserved 1048576K
}
Event: 0.964 GC heap after
{Heap after GC invocations=1 (full 0):
 garbage-first heap   total 129024K, used 2831K [0x0000000082000000, 0x0000000100000000)
  region size 1024K, 2 young (2048K), 2 survivors (2048K)
 Metaspace       used 17392K, capacity 17791K, committed 18048K, reserved 1064960K
  class space    used 1949K, capacity 2144K, committed 2176K, reserved 1048576K
}
Event: 1.402 GC heap before
{Heap before GC invocations=1 (full 0):
 garbage-first heap   total 129024K, used 11023K [0x0000000082000000, 0x0000000100000000)
  region size 1024K, 12 young (12288K), 2 survivors (2048K)
 Metaspace       used 20771K, capacity 21146K, committed 21248K, reserved 1069056K
  class space    used 2317K, capacity 2515K, committed 2560K, reserved 1048576K
}
Event: 1.411 GC heap after
{Heap after GC invocations=2 (full 0):
 garbage-first heap   total 129024K, used 4210K [0x0000000082000000, 0x0000000100000000)
  region size 1024K, 4 young (4096K), 4 survivors (4096K)
 Metaspace       used 20771K, capacity 21146K, committed 21248K, reserved 1069056K
  class space    used 2317K, capacity 2515K, committed 2560K, reserved 1048576K
}
Event: 102.597 GC heap before
{Heap before GC invocations=3 (full 0):
 garbage-first heap   total 129024K, used 24690K [0x0000000082000000, 0x0000000100000000)
  region size 1024K, 19 young (19456K), 4 survivors (4096K)
 Metaspace       used 25164K, capacity 25684K, committed 25856K, reserved 1073152K
  class space    used 2749K, capacity 2983K, committed 3072K, reserved 1048576K
}
Event: 102.615 GC heap after
{Heap after GC invocations=4 (full 0):
 garbage-first heap   total 129024K, used 10614K [0x0000000082000000, 0x0000000100000000)
  region size 1024K, 3 young (3072K), 3 survivors (3072K)
 Metaspace       used 25164K, capacity 25684K, committed 25856K, reserved 1073152K
  class space    used 2749K, capacity 2983K, committed 3072K, reserved 1048576K
}
Event: 2182.893 GC heap before
{Heap before GC invocations=4 (full 0):
 garbage-first heap   total 129024K, used 52598K [0x0000000082000000, 0x0000000100000000)
  region size 1024K, 44 young (45056K), 3 survivors (3072K)
 Metaspace       used 25343K, capacity 25876K, committed 26112K, reserved 1073152K
  class space    used 2750K, capacity 2983K, committed 3072K, reserved 1048576K
}
Event: 2182.916 GC heap after
{Heap after GC invocations=5 (full 0):
 garbage-first heap   total 129024K, used 10676K [0x0000000082000000, 0x0000000100000000)
  region size 1024K, 3 young (3072K), 3 survivors (3072K)
 Metaspace       used 25343K, capacity 25876K, committed 26112K, reserved 1073152K
  class space    used 2750K, capacity 2983K, committed 3072K, reserved 1048576K
}

Deoptimization events (10 events):
Event: 1.469 Thread 0x000001fcac6ec800 Uncommon trap: reason=unstable_if action=reinterpret pc=0x000001fc9d3c4dc4 method=java.lang.CharacterDataLatin1.digit(II)I @ 12 c2
Event: 1.491 Thread 0x000001fcac6ec800 Uncommon trap: reason=unstable_if action=reinterpret pc=0x000001fc9d3bff5c method=java.lang.AbstractStringBuilder.append(Ljava/lang/String;)Ljava/lang/AbstractStringBuilder; @ 1 c2
Event: 1.541 Thread 0x000001fcac6ec800 Uncommon trap: reason=unstable_if action=reinterpret pc=0x000001fc9d3eb524 method=java.lang.AbstractStringBuilder.isLatin1()Z @ 10 c2
Event: 1.542 Thread 0x000001fcac6ec800 Uncommon trap: reason=unstable_if action=reinterpret pc=0x000001fc9d3bbc70 method=java.lang.String.getBytes([BIB)V @ 5 c2
Event: 1.542 Thread 0x000001fcac6ec800 Uncommon trap: reason=unstable_if action=reinterpret pc=0x000001fc9d3e6540 method=java.lang.AbstractStringBuilder.isLatin1()Z @ 10 c2
Event: 1.542 Thread 0x000001fcac6ec800 Uncommon trap: reason=unstable_if action=reinterpret pc=0x000001fc9d3d9ae4 method=java.lang.String.indexOf(II)I @ 4 c2
Event: 1.556 Thread 0x000001fcac6d8000 Uncommon trap: reason=class_check action=maybe_recompile pc=0x000001fc9d3cd688 method=java.util.HashMap.putVal(ILjava/lang/Object;Ljava/lang/Object;ZZ)Ljava/lang/Object; @ 91 c2
Event: 1.596 Thread 0x000001fcac6ec800 Uncommon trap: reason=unstable_if action=reinterpret pc=0x000001fc9d3e6c08 method=java.lang.StringUTF16.compress([CI[BII)I @ 20 c2
Event: 1.855 Thread 0x000001fcac6ec800 Uncommon trap: reason=unstable_if action=reinterpret pc=0x000001fc9d397724 method=java.lang.String.equals(Ljava/lang/Object;)Z @ 27 c2
Event: 12.550 Thread 0x000001fcac6d8000 Uncommon trap: reason=unstable_if action=reinterpret pc=0x000001fc9d429424 method=java.util.concurrent.locks.ReentrantLock$Sync.nonfairTryAcquire(I)Z @ 34 c2

Classes redefined (0 events):
No events

Internal exceptions (10 events):
Event: 1.199 Thread 0x000001fcac6ec800 Exception <a 'java/lang/NoSuchMethodError'{0x0000000089a758e8}: java.lang.invoke.DirectMethodHandle$Holder.invokeStaticInit(Ljava/lang/Object;Ljava/lang/Object;IIII)Ljava/lang/Object;> (0x0000000089a758e8) thrown at [t:/workspace/open/src/hotspot/share/in
Event: 1.295 Thread 0x000001fcac6ec800 Exception <a 'java/lang/ClassNotFoundException'{0x0000000089829a88}: sun/util/logging/resources/spi/loggingProvider> (0x0000000089829a88) thrown at [t:/workspace/open/src/hotspot/share/classfile/systemDictionary.cpp, line 231]
Event: 1.351 Thread 0x000001fcac6ec800 Implicit null exception at 0x000001fc9d3c04f7 to 0x000001fc9d3c0a16
Event: 1.491 Thread 0x000001fcac6ec800 Implicit null exception at 0x000001fc9d3bf9f4 to 0x000001fc9d3bff42
Event: 1.579 Thread 0x000001fcac6ec800 Exception <a 'java/lang/NoSuchMethodError'{0x0000000089aa4528}: java.lang.invoke.DirectMethodHandle$Holder.invokeStaticInit(Ljava/lang/Object;)V> (0x0000000089aa4528) thrown at [t:/workspace/open/src/hotspot/share/interpreter/linkResolver.cpp, line 772]
Event: 1.626 Thread 0x000001fcac6ec800 Exception <a 'java/lang/NoSuchMethodError'{0x00000000899d08f8}: java.lang.invoke.DirectMethodHandle$Holder.invokeStatic(Ljava/lang/Object;Ljava/lang/Object;Ljava/lang/Object;Ljava/lang/Object;Ljava/lang/Object;Ljava/lang/Object;Ljava/lang/Object;Ljava/lan
Event: 1.631 Thread 0x000001fcac6ec800 Exception <a 'java/lang/NoSuchMethodError'{0x00000000899eeda0}: java.lang.invoke.DirectMethodHandle$Holder.invokeStatic(Ljava/lang/Object;Ljava/lang/Object;Ljava/lang/Object;Ljava/lang/Object;Ljava/lang/Object;Ljava/lang/Object;Ljava/lang/Object;Ljava/lan
Event: 1.639 Thread 0x000001fcac6ec800 Exception <a 'java/lang/NoSuchMethodError'{0x000000008980e730}: java.lang.invoke.DirectMethodHandle$Holder.invokeStatic(Ljava/lang/Object;Ljava/lang/Object;Ljava/lang/Object;Ljava/lang/Object;Ljava/lang/Object;Ljava/lang/Object;Ljava/lang/Object;Ljava/lan
Event: 1.657 Thread 0x000001fcac6ec800 Exception <a 'java/lang/NoSuchMethodError'{0x000000008981aa30}: java.lang.invoke.Invokers$Holder.linkToTargetMethod(Ljava/lang/Object;ILjava/lang/Object;)Ljava/lang/Object;> (0x000000008981aa30) thrown at [t:/workspace/open/src/hotspot/share/interpreter/l
Event: 1.682 Thread 0x000001fcac6ec800 Exception <a 'java/lang/NoSuchMethodError'{0x0000000089868a80}: java.lang.invoke.DirectMethodHandle$Holder.invokeStatic(Ljava/lang/Object;Ljava/lang/Object;Ljava/lang/Object;Ljava/lang/Object;Ljava/lang/Object;Ljava/lang/Object;Ljava/lang/Object;Ljava/lan

Events (10 events):
Event: 3713.132 Thread 0x000001fcab8bd000 flushing nmethod 0x000001fc9612c890
Event: 3768.860 Thread 0x000001fcab8bd000 flushing nmethod 0x000001fc95fc3010
Event: 3792.079 Thread 0x000001fcab8bd000 flushing nmethod 0x000001fc95fc4c10
Event: 3828.876 Thread 0x000001fcab8bd000 flushing nmethod 0x000001fc96182890
Event: 3948.933 Thread 0x000001fcab8bd000 flushing nmethod 0x000001fc95f15a10
Event: 3982.084 Thread 0x000001fcab8bd000 flushing nmethod 0x000001fc9613e090
Event: 4012.198 Thread 0x000001fcab8bd000 flushing nmethod 0x000001fc963cb110
Event: 4012.199 Thread 0x000001fcab8bd000 flushing nmethod 0x000001fc963dcb10
Event: 4048.948 Thread 0x000001fcab8bd000 flushing nmethod 0x000001fc962f5990
Event: 4048.949 Thread 0x000001fcab8bd000 flushing nmethod 0x000001fc963da190


Dynamic libraries:
0x00007ff74d080000 - 0x00007ff74d0c7000 	C:\Program Files\Java\jdk-11.0.3\bin\javaw.exe
0x00007ffa516e0000 - 0x00007ffa518d0000 	C:\WINDOWS\SYSTEM32\ntdll.dll
0x00007ffa50980000 - 0x00007ffa50a32000 	C:\WINDOWS\System32\KERNEL32.DLL
0x00007ffa4eb90000 - 0x00007ffa4ee33000 	C:\WINDOWS\System32\KERNELBASE.dll
0x00007ffa50860000 - 0x00007ffa50903000 	C:\WINDOWS\System32\ADVAPI32.dll
0x00007ffa4fdf0000 - 0x00007ffa4fe8e000 	C:\WINDOWS\System32\msvcrt.dll
0x00007ffa512c0000 - 0x00007ffa51357000 	C:\WINDOWS\System32\sechost.dll
0x00007ffa50740000 - 0x00007ffa50860000 	C:\WINDOWS\System32\RPCRT4.dll
0x00007ffa50b20000 - 0x00007ffa50cb3000 	C:\WINDOWS\System32\USER32.dll
0x00007ffa4e970000 - 0x00007ffa4e991000 	C:\WINDOWS\System32\win32u.dll
0x00007ffa51670000 - 0x00007ffa51696000 	C:\WINDOWS\System32\GDI32.dll
0x00007ffa4e680000 - 0x00007ffa4e814000 	C:\WINDOWS\System32\gdi32full.dll
0x00007ffa4e8d0000 - 0x00007ffa4e96e000 	C:\WINDOWS\System32\msvcp_win.dll
0x00007ffa4f5c0000 - 0x00007ffa4f6ba000 	C:\WINDOWS\System32\ucrtbase.dll
0x00007ffa3e3a0000 - 0x00007ffa3e625000 	C:\WINDOWS\WinSxS\amd64_microsoft.windows.common-controls_6595b64144ccf1df_6.0.18362.239_none_e6c7aebd130c7608\COMCTL32.dll
0x00007ffa50f80000 - 0x00007ffa512b6000 	C:\WINDOWS\System32\combase.dll
0x00007ffa4eb10000 - 0x00007ffa4eb90000 	C:\WINDOWS\System32\bcryptPrimitives.dll
0x00007ffa40310000 - 0x00007ffa4031a000 	C:\WINDOWS\SYSTEM32\VERSION.dll
0x00007ffa4fd60000 - 0x00007ffa4fd8e000 	C:\WINDOWS\System32\IMM32.DLL
0x00007ffa22580000 - 0x00007ffa22596000 	C:\Program Files\Java\jdk-11.0.3\bin\vcruntime140.dll
0x00007ffa22340000 - 0x00007ffa223ea000 	C:\Program Files\Java\jdk-11.0.3\bin\msvcp140.dll
0x00007ff9f3a00000 - 0x00007ff9f4527000 	C:\Program Files\Java\jdk-11.0.3\bin\server\jvm.dll
0x00007ffa4fe90000 - 0x00007ffa4fe98000 	C:\WINDOWS\System32\PSAPI.DLL
0x00007ffa4d0e0000 - 0x00007ffa4d0e9000 	C:\WINDOWS\SYSTEM32\WSOCK32.dll
0x00007ffa50910000 - 0x00007ffa5097f000 	C:\WINDOWS\System32\WS2_32.dll
0x00007ffa49cc0000 - 0x00007ffa49ce4000 	C:\WINDOWS\SYSTEM32\WINMM.dll
0x00007ffa49c60000 - 0x00007ffa49c8d000 	C:\WINDOWS\SYSTEM32\WINMMBASE.dll
0x00007ffa4f6f0000 - 0x00007ffa4f73a000 	C:\WINDOWS\System32\cfgmgr32.dll
0x00007ffa4e5d0000 - 0x00007ffa4e5e1000 	C:\WINDOWS\System32\kernel.appcore.dll
0x00007ffa3f4d0000 - 0x00007ffa3f4e1000 	C:\Program Files\Java\jdk-11.0.3\bin\verify.dll
0x00007ffa4ced0000 - 0x00007ffa4d0c4000 	C:\WINDOWS\SYSTEM32\DBGHELP.DLL
0x00007ffa3ba80000 - 0x00007ffa3baaa000 	C:\WINDOWS\SYSTEM32\dbgcore.DLL
0x00007ffa115f0000 - 0x00007ffa11619000 	C:\Program Files\Java\jdk-11.0.3\bin\java.dll
0x00007ffa3f2b0000 - 0x00007ffa3f2c6000 	C:\Program Files\Java\jdk-11.0.3\bin\zip.dll
0x00007ffa47aa0000 - 0x00007ffa47aaa000 	C:\Program Files\Java\jdk-11.0.3\bin\jimage.dll
0x00007ffa50060000 - 0x00007ffa50740000 	C:\WINDOWS\System32\SHELL32.dll
0x00007ffa514c0000 - 0x00007ffa51569000 	C:\WINDOWS\System32\shcore.dll
0x00007ffa4ee40000 - 0x00007ffa4f5bb000 	C:\WINDOWS\System32\windows.storage.dll
0x00007ffa4e640000 - 0x00007ffa4e65f000 	C:\WINDOWS\System32\profapi.dll
0x00007ffa4e5f0000 - 0x00007ffa4e63a000 	C:\WINDOWS\System32\powrprof.dll
0x00007ffa4e5c0000 - 0x00007ffa4e5d0000 	C:\WINDOWS\System32\UMPDC.dll
0x00007ffa50cc0000 - 0x00007ffa50d12000 	C:\WINDOWS\System32\shlwapi.dll
0x00007ffa4e9a0000 - 0x00007ffa4e9b7000 	C:\WINDOWS\System32\cryptsp.dll
0x00007ffa3f250000 - 0x00007ffa3f269000 	C:\Program Files\Java\jdk-11.0.3\bin\net.dll
0x00007ffa446a0000 - 0x00007ffa44790000 	C:\WINDOWS\SYSTEM32\WINHTTP.dll
0x00007ffa41560000 - 0x00007ffa41736000 	C:\WINDOWS\SYSTEM32\urlmon.dll
0x00007ffa41930000 - 0x00007ffa41bd6000 	C:\WINDOWS\SYSTEM32\iertutil.dll
0x00007ffa4e000000 - 0x00007ffa4e00c000 	C:\WINDOWS\SYSTEM32\CRYPTBASE.DLL
0x00007ffa4de30000 - 0x00007ffa4de97000 	C:\WINDOWS\system32\mswsock.dll
0x00007ffa1e0c0000 - 0x00007ffa1e0d3000 	C:\Program Files\Java\jdk-11.0.3\bin\nio.dll
0x00007ffa0df40000 - 0x00007ffa0e0df000 	C:\Program Files\Java\jdk-11.0.3\bin\awt.dll
0x00007ffa50a50000 - 0x00007ffa50b14000 	C:\WINDOWS\System32\OLEAUT32.dll
0x00007ffa49f20000 - 0x00007ffa4a4e0000 	C:\WINDOWS\SYSTEM32\d2d1.dll
0x00007ffa4b7d0000 - 0x00007ffa4b85f000 	C:\WINDOWS\SYSTEM32\apphelp.dll
0x00007ffa4bd50000 - 0x00007ffa4bde9000 	C:\WINDOWS\system32\uxtheme.dll
0x00007ffa4feb0000 - 0x00007ffa4ffe7000 	C:\WINDOWS\System32\MSCTF.dll
0x00007ffa51360000 - 0x00007ffa514b6000 	C:\WINDOWS\System32\ole32.dll
0x00007ffa4c9b0000 - 0x00007ffa4c9dd000 	C:\WINDOWS\system32\DWMAPI.DLL
0x00007ffa42560000 - 0x00007ffa426af000 	C:\WINDOWS\system32\opengl32.dll
0x00007ffa473a0000 - 0x00007ffa473cc000 	C:\WINDOWS\SYSTEM32\GLU32.dll
0x00007ffa4d260000 - 0x00007ffa4d280000 	C:\WINDOWS\SYSTEM32\dxcore.dll
0x00007ffa11570000 - 0x00007ffa11597000 	C:\Program Files\Java\jdk-11.0.3\bin\sunec.dll
0x00007ffa4d9f0000 - 0x00007ffa4da23000 	C:\WINDOWS\system32\rsaenh.dll
0x00007ffa4f6c0000 - 0x00007ffa4f6e6000 	C:\WINDOWS\System32\bcrypt.dll
0x00007ffa4e4e0000 - 0x00007ffa4e505000 	C:\WINDOWS\SYSTEM32\USERENV.dll
0x00007ffa4db90000 - 0x00007ffa4dbca000 	C:\WINDOWS\SYSTEM32\IPHLPAPI.DLL
0x00007ffa4fea0000 - 0x00007ffa4fea8000 	C:\WINDOWS\System32\NSI.dll
0x00007ffa44220000 - 0x00007ffa44236000 	C:\WINDOWS\SYSTEM32\dhcpcsvc6.DLL
0x00007ffa45940000 - 0x00007ffa4595c000 	C:\WINDOWS\SYSTEM32\dhcpcsvc.DLL
0x00007ffa4dbd0000 - 0x00007ffa4dc9a000 	C:\WINDOWS\SYSTEM32\DNSAPI.dll
0x0000000068b30000 - 0x0000000068b56000 	C:\Program Files\Bonjour\mdnsNSP.dll
0x00007ffa3eb80000 - 0x00007ffa3eb8a000 	C:\Windows\System32\rasadhlp.dll
0x00007ffa43030000 - 0x00007ffa430a7000 	C:\WINDOWS\System32\fwpuclnt.dll
0x00007ffa222c0000 - 0x00007ffa22340000 	C:\Program Files\Java\jdk-11.0.3\bin\freetype.dll
0x00007ffa22250000 - 0x00007ffa222bf000 	C:\Program Files\Java\jdk-11.0.3\bin\fontmanager.dll
0x00007ffa45bc0000 - 0x00007ffa45c5e000 	C:\WINDOWS\System32\TextInputFramework.dll
0x00007ffa4b160000 - 0x00007ffa4b234000 	C:\WINDOWS\System32\CoreMessaging.dll
0x00007ffa484b0000 - 0x00007ffa487da000 	C:\WINDOWS\System32\CoreUIComponents.dll
0x00007ffa4d650000 - 0x00007ffa4d681000 	C:\WINDOWS\SYSTEM32\ntmarta.dll
0x00007ffa49dc0000 - 0x00007ffa49f13000 	C:\WINDOWS\SYSTEM32\wintypes.dll
0x00007ffa3ebb0000 - 0x00007ffa3ec15000 	C:\WINDOWS\system32\Oleacc.dll

dbghelp: loaded successfully - version: 4.0.5 - missing functions: none
symbol engine: initialized successfully - sym options: 0x614 - pdb path: .;C:\Program Files\Java\jdk-11.0.3\bin;C:\WINDOWS\SYSTEM32;C:\WINDOWS\WinSxS\amd64_microsoft.windows.common-controls_6595b64144ccf1df_6.0.18362.239_none_e6c7aebd130c7608;C:\Program Files\Java\jdk-11.0.3\bin\server;C:\Program Files\Bonjour

VM Arguments:
jvm_args: -Dfile.encoding=Cp1252 
java_command: main.XemPhong
java_class_path (initial): D:\Java\java-final-term\bin;D:\Java\java-final-term\jgoodies-forms-1.8.0.jar;D:\Java\java-final-term\mongo-java-driver-3.11.0-beta4.jar
Launcher Type: SUN_STANDARD

[Global flags]
     intx CICompilerCount                          = 3                                         {product} {ergonomic}
     uint ConcGCThreads                            = 1                                         {product} {ergonomic}
     uint G1ConcRefinementThreads                  = 4                                         {product} {ergonomic}
   size_t G1HeapRegionSize                         = 1048576                                   {product} {ergonomic}
    uintx GCDrainStackTargetSize                   = 64                                        {product} {ergonomic}
   size_t InitialHeapSize                          = 132120576                                 {product} {ergonomic}
   size_t MarkStackSize                            = 4194304                                   {product} {ergonomic}
   size_t MaxHeapSize                              = 2113929216                                {product} {ergonomic}
   size_t MaxNewSize                               = 1267728384                                {product} {ergonomic}
   size_t MinHeapDeltaBytes                        = 1048576                                   {product} {ergonomic}
    uintx NonNMethodCodeHeapSize                   = 5830092                                {pd product} {ergonomic}
    uintx NonProfiledCodeHeapSize                  = 122914074                              {pd product} {ergonomic}
    uintx ProfiledCodeHeapSize                     = 122914074                              {pd product} {ergonomic}
    uintx ReservedCodeCacheSize                    = 251658240                              {pd product} {ergonomic}
     bool SegmentedCodeCache                       = true                                      {product} {ergonomic}
     bool UseCompressedClassPointers               = true                                 {lp64_product} {ergonomic}
     bool UseCompressedOops                        = true                                 {lp64_product} {ergonomic}
     bool UseG1GC                                  = true                                      {product} {ergonomic}
     bool UseLargePagesIndividualAllocation        = false                                  {pd product} {ergonomic}

Logging:
Log output configuration:
 #0: stdout all=warning uptime,level,tags
 #1: stderr all=off uptime,level,tags

Environment Variables:
PATH=C:/Program Files/Java/jdk-11.0.3/bin/server;C:/Program Files/Java/jdk-11.0.3/bin;C:\Program Files (x86)\NVIDIA Corporation\PhysX\Common;C:\WINDOWS\system32;C:\WINDOWS;C:\WINDOWS\System32\Wbem;C:\WINDOWS\System32\WindowsPowerShell\v1.0\;C:\WINDOWS\System32\OpenSSH\;C:\Program Files\Microsoft SQL Server\Client SDK\ODBC\130\Tools\Binn\;C:\Program Files (x86)\Microsoft SQL Server\140\Tools\Binn\;C:\Program Files\Microsoft SQL Server\140\Tools\Binn\;C:\Program Files\Microsoft SQL Server\140\DTS\Binn\;C:\Program Files (x86)\Microsoft SQL Server\150\DTS\Binn\;C:\Program Files (x86)\Windows Kits\8.1\Windows Performance Toolkit\;C:\Users\tamto\AppData\Local\Microsoft\WindowsApps;;C:\Users\tamto\AppData\Local\Programs\Microsoft VS Code\bin;C:\WINDOWS\System32;
USERNAME=tamto
OS=Windows_NT
PROCESSOR_IDENTIFIER=Intel64 Family 6 Model 61 Stepping 4, GenuineIntel



---------------  S Y S T E M  ---------------

OS: Windows 10 , 64 bit Build 18362 (10.0.18362.86)

CPU:total 4 (initial active 4) (2 cores per cpu, 2 threads per core) family 6 model 61 stepping 4, cmov, cx8, fxsr, mmx, sse, sse2, sse3, ssse3, sse4.1, sse4.2, popcnt, avx, avx2, aes, clmul, erms, rtm, 3dnowpref, lzcnt, ht, tsc, tscinvbit, bmi1, bmi2, adx, fma

Memory: 4k page, system-wide physical 8063M (963M free)
TotalPageFile size 26938M (AvailPageFile size 1M)
current process WorkingSet (physical memory assigned to process): 60M, peak: 113M
current process commit charge ("private bytes"): 235M, peak: 250M

vm_info: Java HotSpot(TM) 64-Bit Server VM (11.0.3+12-LTS) for windows-amd64 JRE (11.0.3+12-LTS), built on Apr  2 2019 12:43:09 by "mach5one" with MS VC++ 15.5 (VS2017)

END.
