#
# There is insufficient memory for the Java Runtime Environment to continue.
# Native memory allocation (malloc) failed to allocate 889296 bytes for Chunk::new
# Possible reasons:
#   The system is out of physical RAM or swap space
#   The process is running with CompressedOops enabled, and the Java Heap may be blocking the growth of the native heap
# Possible solutions:
#   Reduce memory load on the system
#   Increase physical memory or swap space
#   Check if swap backing store is full
#   Decrease Java heap size (-Xmx/-Xms)
#   Decrease number of Java threads
#   Decrease Java thread stack sizes (-Xss)
#   Set larger code cache with -XX:ReservedCodeCacheSize=
#   JVM is running with Unscaled Compressed Oops mode in which the Java heap is
#     placed in the first 4GB address space. The Java Heap base address is the
#     maximum limit for the native heap growth. Please use -XX:HeapBaseMinAddress
#     to set the Java Heap base and to place the Java Heap above 4GB virtual address.
# This output file may be truncated or incomplete.
#
#  Out of Memory Error (t:/workspace/open/src/hotspot/share/memory/arena.cpp:197), pid=35084, tid=35388
#
# JRE version: Java(TM) SE Runtime Environment (11.0.3+12) (build 11.0.3+12-LTS)
# Java VM: Java HotSpot(TM) 64-Bit Server VM (11.0.3+12-LTS, mixed mode, tiered, compressed oops, g1 gc, windows-amd64)
# No core dump will be written. Minidumps are not enabled by default on client versions of Windows
#

---------------  S U M M A R Y ------------

Command Line: -Dfile.encoding=UTF-8 main.ThemPhong

Host: Intel(R) Core(TM) i7-5600U CPU @ 2.60GHz, 4 cores, 7G,  Windows 10 , 64 bit Build 18362 (10.0.18362.86)
Time: Tue Jul 23 02:36:54 2019 SE Asia Standard Time elapsed time: 1 seconds (0d 0h 0m 1s)

---------------  T H R E A D  ---------------

Current thread (0x0000022019903800):  JavaThread "C2 CompilerThread1" daemon [_thread_in_native, id=35388, stack(0x00000020f9600000,0x00000020f9700000)]


Current CompileTask:
C2:   1722 1468       4       java.lang.invoke.MethodType::makeImpl (108 bytes)

Stack: [0x00000020f9600000,0x00000020f9700000]
Native frames: (J=compiled Java code, j=interpreted, Vv=VM code, C=native code)
V  [jvm.dll+0x63582a]
V  [jvm.dll+0x77360f]
V  [jvm.dll+0x774cba]
V  [jvm.dll+0x775373]
V  [jvm.dll+0x25e9c8]
V  [jvm.dll+0xc21d1]
V  [jvm.dll+0xc275c]
V  [jvm.dll+0x36dae7]
V  [jvm.dll+0x33ab03]
V  [jvm.dll+0x339eda]
V  [jvm.dll+0x218875]
V  [jvm.dll+0x217a1a]
V  [jvm.dll+0x194300]
V  [jvm.dll+0x2269df]
V  [jvm.dll+0x224fe8]
V  [jvm.dll+0x738aed]
V  [jvm.dll+0x6348c2]
C  [ucrtbase.dll+0x1d912]
C  [KERNEL32.DLL+0x17bd4]
C  [ntdll.dll+0x6ce71]


---------------  P R O C E S S  ---------------

Threads class SMR info:
_java_thread_list=0x000002201aae50b0, length=17, elements={
0x000002207effc000, 0x000002207f005800, 0x000002207f00a800, 0x000002207f982800,
0x000002207f983000, 0x000002207f022000, 0x000002207f02f000, 0x000002207facb800,
0x000002207fadc800, 0x0000022019326800, 0x0000022019328000, 0x0000022019331800,
0x0000022019373000, 0x0000022079f5f800, 0x00000220197db000, 0x000002201a91e800,
0x0000022019903800
}

Java Threads: ( => current thread )
  0x000002207effc000 JavaThread "Reference Handler" daemon [_thread_blocked, id=36488, stack(0x00000020f8200000,0x00000020f8300000)]
  0x000002207f005800 JavaThread "Finalizer" daemon [_thread_blocked, id=36464, stack(0x00000020f8300000,0x00000020f8400000)]
  0x000002207f00a800 JavaThread "Signal Dispatcher" daemon [_thread_blocked, id=36460, stack(0x00000020f8400000,0x00000020f8500000)]
  0x000002207f982800 JavaThread "Attach Listener" daemon [_thread_blocked, id=36376, stack(0x00000020f8500000,0x00000020f8600000)]
  0x000002207f983000 JavaThread "C2 CompilerThread0" daemon [_thread_blocked, id=36120, stack(0x00000020f8600000,0x00000020f8700000)]
  0x000002207f022000 JavaThread "C1 CompilerThread0" daemon [_thread_blocked, id=3188, stack(0x00000020f8700000,0x00000020f8800000)]
  0x000002207f02f000 JavaThread "Sweeper thread" daemon [_thread_blocked, id=3236, stack(0x00000020f8800000,0x00000020f8900000)]
  0x000002207facb800 JavaThread "Service Thread" daemon [_thread_blocked, id=35564, stack(0x00000020f8900000,0x00000020f8a00000)]
  0x000002207fadc800 JavaThread "Common-Cleaner" daemon [_thread_blocked, id=35868, stack(0x00000020f8b00000,0x00000020f8c00000)]
  0x0000022019326800 JavaThread "Java2D Disposer" daemon [_thread_blocked, id=25440, stack(0x00000020f8c00000,0x00000020f8d00000)]
  0x0000022019328000 JavaThread "AWT-Shutdown" [_thread_blocked, id=35076, stack(0x00000020f8d00000,0x00000020f8e00000)]
  0x0000022019331800 JavaThread "AWT-Windows" daemon [_thread_in_native, id=36244, stack(0x00000020f8e00000,0x00000020f8f00000)]
  0x0000022019373000 JavaThread "AWT-EventQueue-0" [_thread_in_native, id=36100, stack(0x00000020f8f00000,0x00000020f9000000)]
  0x0000022079f5f800 JavaThread "DestroyJavaVM" [_thread_blocked, id=36484, stack(0x00000020f7b00000,0x00000020f7c00000)]
  0x00000220197db000 JavaThread "cluster-ClusterId{value='5d361056d05a282e978fd0c4', description='null'}-localhost:27017" daemon [_thread_blocked, id=36308, stack(0x00000020f9000000,0x00000020f9100000)]
  0x000002201a91e800 JavaThread "CleanCursors-1-thread-1" daemon [_thread_blocked, id=36292, stack(0x00000020f9400000,0x00000020f9500000)]
=>0x0000022019903800 JavaThread "C2 CompilerThread1" daemon [_thread_in_native, id=35388, stack(0x00000020f9600000,0x00000020f9700000)]

Other Threads:
  0x000002207efd7800 VMThread "VM Thread" [stack: 0x00000020f8100000,0x00000020f8200000] [id=36456]
  0x000002207fadc000 WatcherThread [stack: 0x00000020f8a00000,0x00000020f8b00000] [id=35796]
  0x0000022079f77800 GCTaskThread "GC Thread#0" [stack: 0x00000020f7c00000,0x00000020f7d00000] [id=34880]
  0x000002201960b000 GCTaskThread "GC Thread#1" [stack: 0x00000020f9100000,0x00000020f9200000] [id=36168]
  0x0000022019a09800 GCTaskThread "GC Thread#2" [stack: 0x00000020f9200000,0x00000020f9300000] [id=7868]
  0x0000022019a0a000 GCTaskThread "GC Thread#3" [stack: 0x00000020f9300000,0x00000020f9400000] [id=36152]
  0x0000022079fa7000 ConcurrentGCThread "G1 Main Marker" [stack: 0x00000020f7d00000,0x00000020f7e00000] [id=36468]
  0x0000022079fa9000 ConcurrentGCThread "G1 Conc#0" [stack: 0x00000020f7e00000,0x00000020f7f00000] [id=36416]
  0x000002207ee50800 ConcurrentGCThread "G1 Refine#0" [stack: 0x00000020f7f00000,0x00000020f8000000] [id=36340]
  0x000002207ee51000 ConcurrentGCThread "G1 Young RemSet Sampling" [stack: 0x00000020f8000000,0x00000020f8100000] [id=35660]

Threads with active compile tasks:
C2 CompilerThread11468       4       java.lang.invoke.MethodType::makeImpl (108 bytes)

VM state:not at safepoint (normal execution)

VM Mutex/Monitor currently owned by a thread: None

Heap address: 0x0000000082000000, size: 2016 MB, Compressed Oops mode: 32-bit
Narrow klass base: 0x0000000000000000, Narrow klass shift: 3
Compressed class space size: 1073741824 Address: 0x0000000100000000

Heap:
 garbage-first heap   total 129024K, used 7420K [0x0000000082000000, 0x0000000100000000)
  region size 1024K, 6 young (6144K), 2 survivors (2048K)
 Metaspace       used 22462K, capacity 23034K, committed 23296K, reserved 1069056K
  class space    used 2510K, capacity 2735K, committed 2816K, reserved 1048576K
Heap Regions: E=young(eden), S=young(survivor), O=old, HS=humongous(starts), HC=humongous(continues), CS=collection set, F=free, A=archive, TAMS=top-at-mark-start (previous, next)
|   0|0x0000000082000000, 0x0000000082100000, 0x0000000082100000|100%| O|  |TAMS 0x0000000082100000, 0x0000000082000000| Untracked 
|   1|0x0000000082100000, 0x0000000082200000, 0x0000000082200000|100%| O|  |TAMS 0x0000000082200000, 0x0000000082100000| Untracked 
|   2|0x0000000082200000, 0x00000000822a6800, 0x0000000082300000| 65%| O|  |TAMS 0x00000000822a6800, 0x0000000082200000| Untracked 
|   3|0x0000000082300000, 0x0000000082300000, 0x0000000082400000|  0%| F|  |TAMS 0x0000000082300000, 0x0000000082300000| Untracked 
|   4|0x0000000082400000, 0x0000000082400000, 0x0000000082500000|  0%| F|  |TAMS 0x0000000082400000, 0x0000000082400000| Untracked 
|   5|0x0000000082500000, 0x0000000082500000, 0x0000000082600000|  0%| F|  |TAMS 0x0000000082500000, 0x0000000082500000| Untracked 
|   6|0x0000000082600000, 0x0000000082600000, 0x0000000082700000|  0%| F|  |TAMS 0x0000000082600000, 0x0000000082600000| Untracked 
|   7|0x0000000082700000, 0x0000000082700000, 0x0000000082800000|  0%| F|  |TAMS 0x0000000082700000, 0x0000000082700000| Untracked 
|   8|0x0000000082800000, 0x0000000082800000, 0x0000000082900000|  0%| F|  |TAMS 0x0000000082800000, 0x0000000082800000| Untracked 
|   9|0x0000000082900000, 0x0000000082900000, 0x0000000082a00000|  0%| F|  |TAMS 0x0000000082900000, 0x0000000082900000| Untracked 
|  10|0x0000000082a00000, 0x0000000082a00000, 0x0000000082b00000|  0%| F|  |TAMS 0x0000000082a00000, 0x0000000082a00000| Untracked 
|  11|0x0000000082b00000, 0x0000000082b00000, 0x0000000082c00000|  0%| F|  |TAMS 0x0000000082b00000, 0x0000000082b00000| Untracked 
|  12|0x0000000082c00000, 0x0000000082c00000, 0x0000000082d00000|  0%| F|  |TAMS 0x0000000082c00000, 0x0000000082c00000| Untracked 
|  13|0x0000000082d00000, 0x0000000082d00000, 0x0000000082e00000|  0%| F|  |TAMS 0x0000000082d00000, 0x0000000082d00000| Untracked 
|  14|0x0000000082e00000, 0x0000000082e00000, 0x0000000082f00000|  0%| F|  |TAMS 0x0000000082e00000, 0x0000000082e00000| Untracked 
|  15|0x0000000082f00000, 0x0000000082f00000, 0x0000000083000000|  0%| F|  |TAMS 0x0000000082f00000, 0x0000000082f00000| Untracked 
|  16|0x0000000083000000, 0x0000000083000000, 0x0000000083100000|  0%| F|  |TAMS 0x0000000083000000, 0x0000000083000000| Untracked 
|  17|0x0000000083100000, 0x0000000083100000, 0x0000000083200000|  0%| F|  |TAMS 0x0000000083100000, 0x0000000083100000| Untracked 
|  18|0x0000000083200000, 0x0000000083200000, 0x0000000083300000|  0%| F|  |TAMS 0x0000000083200000, 0x0000000083200000| Untracked 
|  19|0x0000000083300000, 0x0000000083300000, 0x0000000083400000|  0%| F|  |TAMS 0x0000000083300000, 0x0000000083300000| Untracked 
|  20|0x0000000083400000, 0x0000000083400000, 0x0000000083500000|  0%| F|  |TAMS 0x0000000083400000, 0x0000000083400000| Untracked 
|  21|0x0000000083500000, 0x0000000083500000, 0x0000000083600000|  0%| F|  |TAMS 0x0000000083500000, 0x0000000083500000| Untracked 
|  22|0x0000000083600000, 0x0000000083600000, 0x0000000083700000|  0%| F|  |TAMS 0x0000000083600000, 0x0000000083600000| Untracked 
|  23|0x0000000083700000, 0x0000000083700000, 0x0000000083800000|  0%| F|  |TAMS 0x0000000083700000, 0x0000000083700000| Untracked 
|  24|0x0000000083800000, 0x0000000083800000, 0x0000000083900000|  0%| F|  |TAMS 0x0000000083800000, 0x0000000083800000| Untracked 
|  25|0x0000000083900000, 0x0000000083900000, 0x0000000083a00000|  0%| F|  |TAMS 0x0000000083900000, 0x0000000083900000| Untracked 
|  26|0x0000000083a00000, 0x0000000083a00000, 0x0000000083b00000|  0%| F|  |TAMS 0x0000000083a00000, 0x0000000083a00000| Untracked 
|  27|0x0000000083b00000, 0x0000000083b00000, 0x0000000083c00000|  0%| F|  |TAMS 0x0000000083b00000, 0x0000000083b00000| Untracked 
|  28|0x0000000083c00000, 0x0000000083c00000, 0x0000000083d00000|  0%| F|  |TAMS 0x0000000083c00000, 0x0000000083c00000| Untracked 
|  29|0x0000000083d00000, 0x0000000083d00000, 0x0000000083e00000|  0%| F|  |TAMS 0x0000000083d00000, 0x0000000083d00000| Untracked 
|  30|0x0000000083e00000, 0x0000000083e00000, 0x0000000083f00000|  0%| F|  |TAMS 0x0000000083e00000, 0x0000000083e00000| Untracked 
|  31|0x0000000083f00000, 0x0000000083f00000, 0x0000000084000000|  0%| F|  |TAMS 0x0000000083f00000, 0x0000000083f00000| Untracked 
|  32|0x0000000084000000, 0x0000000084000000, 0x0000000084100000|  0%| F|  |TAMS 0x0000000084000000, 0x0000000084000000| Untracked 
|  33|0x0000000084100000, 0x0000000084100000, 0x0000000084200000|  0%| F|  |TAMS 0x0000000084100000, 0x0000000084100000| Untracked 
|  34|0x0000000084200000, 0x0000000084200000, 0x0000000084300000|  0%| F|  |TAMS 0x0000000084200000, 0x0000000084200000| Untracked 
|  35|0x0000000084300000, 0x0000000084300000, 0x0000000084400000|  0%| F|  |TAMS 0x0000000084300000, 0x0000000084300000| Untracked 
|  36|0x0000000084400000, 0x0000000084400000, 0x0000000084500000|  0%| F|  |TAMS 0x0000000084400000, 0x0000000084400000| Untracked 
|  37|0x0000000084500000, 0x0000000084500000, 0x0000000084600000|  0%| F|  |TAMS 0x0000000084500000, 0x0000000084500000| Untracked 
|  38|0x0000000084600000, 0x0000000084600000, 0x0000000084700000|  0%| F|  |TAMS 0x0000000084600000, 0x0000000084600000| Untracked 
|  39|0x0000000084700000, 0x0000000084700000, 0x0000000084800000|  0%| F|  |TAMS 0x0000000084700000, 0x0000000084700000| Untracked 
|  40|0x0000000084800000, 0x0000000084800000, 0x0000000084900000|  0%| F|  |TAMS 0x0000000084800000, 0x0000000084800000| Untracked 
|  41|0x0000000084900000, 0x0000000084900000, 0x0000000084a00000|  0%| F|  |TAMS 0x0000000084900000, 0x0000000084900000| Untracked 
|  42|0x0000000084a00000, 0x0000000084a00000, 0x0000000084b00000|  0%| F|  |TAMS 0x0000000084a00000, 0x0000000084a00000| Untracked 
|  43|0x0000000084b00000, 0x0000000084b00000, 0x0000000084c00000|  0%| F|  |TAMS 0x0000000084b00000, 0x0000000084b00000| Untracked 
|  44|0x0000000084c00000, 0x0000000084c00000, 0x0000000084d00000|  0%| F|  |TAMS 0x0000000084c00000, 0x0000000084c00000| Untracked 
|  45|0x0000000084d00000, 0x0000000084d00000, 0x0000000084e00000|  0%| F|  |TAMS 0x0000000084d00000, 0x0000000084d00000| Untracked 
|  46|0x0000000084e00000, 0x0000000084e00000, 0x0000000084f00000|  0%| F|  |TAMS 0x0000000084e00000, 0x0000000084e00000| Untracked 
|  47|0x0000000084f00000, 0x0000000084f00000, 0x0000000085000000|  0%| F|  |TAMS 0x0000000084f00000, 0x0000000084f00000| Untracked 
|  48|0x0000000085000000, 0x0000000085000000, 0x0000000085100000|  0%| F|  |TAMS 0x0000000085000000, 0x0000000085000000| Untracked 
|  49|0x0000000085100000, 0x0000000085100000, 0x0000000085200000|  0%| F|  |TAMS 0x0000000085100000, 0x0000000085100000| Untracked 
|  50|0x0000000085200000, 0x0000000085200000, 0x0000000085300000|  0%| F|  |TAMS 0x0000000085200000, 0x0000000085200000| Untracked 
|  51|0x0000000085300000, 0x0000000085300000, 0x0000000085400000|  0%| F|  |TAMS 0x0000000085300000, 0x0000000085300000| Untracked 
|  52|0x0000000085400000, 0x0000000085400000, 0x0000000085500000|  0%| F|  |TAMS 0x0000000085400000, 0x0000000085400000| Untracked 
|  53|0x0000000085500000, 0x0000000085500000, 0x0000000085600000|  0%| F|  |TAMS 0x0000000085500000, 0x0000000085500000| Untracked 
|  54|0x0000000085600000, 0x0000000085600000, 0x0000000085700000|  0%| F|  |TAMS 0x0000000085600000, 0x0000000085600000| Untracked 
|  55|0x0000000085700000, 0x0000000085700000, 0x0000000085800000|  0%| F|  |TAMS 0x0000000085700000, 0x0000000085700000| Untracked 
|  56|0x0000000085800000, 0x0000000085800000, 0x0000000085900000|  0%| F|  |TAMS 0x0000000085800000, 0x0000000085800000| Untracked 
|  57|0x0000000085900000, 0x0000000085900000, 0x0000000085a00000|  0%| F|  |TAMS 0x0000000085900000, 0x0000000085900000| Untracked 
|  58|0x0000000085a00000, 0x0000000085a00000, 0x0000000085b00000|  0%| F|  |TAMS 0x0000000085a00000, 0x0000000085a00000| Untracked 
|  59|0x0000000085b00000, 0x0000000085b00000, 0x0000000085c00000|  0%| F|  |TAMS 0x0000000085b00000, 0x0000000085b00000| Untracked 
|  60|0x0000000085c00000, 0x0000000085c00000, 0x0000000085d00000|  0%| F|  |TAMS 0x0000000085c00000, 0x0000000085c00000| Untracked 
|  61|0x0000000085d00000, 0x0000000085d00000, 0x0000000085e00000|  0%| F|  |TAMS 0x0000000085d00000, 0x0000000085d00000| Untracked 
|  62|0x0000000085e00000, 0x0000000085e00000, 0x0000000085f00000|  0%| F|  |TAMS 0x0000000085e00000, 0x0000000085e00000| Untracked 
|  63|0x0000000085f00000, 0x0000000085f00000, 0x0000000086000000|  0%| F|  |TAMS 0x0000000085f00000, 0x0000000085f00000| Untracked 
|  64|0x0000000086000000, 0x0000000086000000, 0x0000000086100000|  0%| F|  |TAMS 0x0000000086000000, 0x0000000086000000| Untracked 
|  65|0x0000000086100000, 0x0000000086100000, 0x0000000086200000|  0%| F|  |TAMS 0x0000000086100000, 0x0000000086100000| Untracked 
|  66|0x0000000086200000, 0x0000000086200000, 0x0000000086300000|  0%| F|  |TAMS 0x0000000086200000, 0x0000000086200000| Untracked 
|  67|0x0000000086300000, 0x0000000086300000, 0x0000000086400000|  0%| F|  |TAMS 0x0000000086300000, 0x0000000086300000| Untracked 
|  68|0x0000000086400000, 0x0000000086400000, 0x0000000086500000|  0%| F|  |TAMS 0x0000000086400000, 0x0000000086400000| Untracked 
|  69|0x0000000086500000, 0x0000000086500000, 0x0000000086600000|  0%| F|  |TAMS 0x0000000086500000, 0x0000000086500000| Untracked 
|  70|0x0000000086600000, 0x0000000086600000, 0x0000000086700000|  0%| F|  |TAMS 0x0000000086600000, 0x0000000086600000| Untracked 
|  71|0x0000000086700000, 0x0000000086700000, 0x0000000086800000|  0%| F|  |TAMS 0x0000000086700000, 0x0000000086700000| Untracked 
|  72|0x0000000086800000, 0x0000000086800000, 0x0000000086900000|  0%| F|  |TAMS 0x0000000086800000, 0x0000000086800000| Untracked 
|  73|0x0000000086900000, 0x0000000086900000, 0x0000000086a00000|  0%| F|  |TAMS 0x0000000086900000, 0x0000000086900000| Untracked 
|  74|0x0000000086a00000, 0x0000000086a00000, 0x0000000086b00000|  0%| F|  |TAMS 0x0000000086a00000, 0x0000000086a00000| Untracked 
|  75|0x0000000086b00000, 0x0000000086b00000, 0x0000000086c00000|  0%| F|  |TAMS 0x0000000086b00000, 0x0000000086b00000| Untracked 
|  76|0x0000000086c00000, 0x0000000086c00000, 0x0000000086d00000|  0%| F|  |TAMS 0x0000000086c00000, 0x0000000086c00000| Untracked 
|  77|0x0000000086d00000, 0x0000000086d00000, 0x0000000086e00000|  0%| F|  |TAMS 0x0000000086d00000, 0x0000000086d00000| Untracked 
|  78|0x0000000086e00000, 0x0000000086e00000, 0x0000000086f00000|  0%| F|  |TAMS 0x0000000086e00000, 0x0000000086e00000| Untracked 
|  79|0x0000000086f00000, 0x0000000086f00000, 0x0000000087000000|  0%| F|  |TAMS 0x0000000086f00000, 0x0000000086f00000| Untracked 
|  80|0x0000000087000000, 0x0000000087000000, 0x0000000087100000|  0%| F|  |TAMS 0x0000000087000000, 0x0000000087000000| Untracked 
|  81|0x0000000087100000, 0x0000000087100000, 0x0000000087200000|  0%| F|  |TAMS 0x0000000087100000, 0x0000000087100000| Untracked 
|  82|0x0000000087200000, 0x0000000087200000, 0x0000000087300000|  0%| F|  |TAMS 0x0000000087200000, 0x0000000087200000| Untracked 
|  83|0x0000000087300000, 0x0000000087300000, 0x0000000087400000|  0%| F|  |TAMS 0x0000000087300000, 0x0000000087300000| Untracked 
|  84|0x0000000087400000, 0x0000000087400000, 0x0000000087500000|  0%| F|  |TAMS 0x0000000087400000, 0x0000000087400000| Untracked 
|  85|0x0000000087500000, 0x0000000087500000, 0x0000000087600000|  0%| F|  |TAMS 0x0000000087500000, 0x0000000087500000| Untracked 
|  86|0x0000000087600000, 0x0000000087600000, 0x0000000087700000|  0%| F|  |TAMS 0x0000000087600000, 0x0000000087600000| Untracked 
|  87|0x0000000087700000, 0x0000000087700000, 0x0000000087800000|  0%| F|  |TAMS 0x0000000087700000, 0x0000000087700000| Untracked 
|  88|0x0000000087800000, 0x0000000087800000, 0x0000000087900000|  0%| F|  |TAMS 0x0000000087800000, 0x0000000087800000| Untracked 
|  89|0x0000000087900000, 0x0000000087900000, 0x0000000087a00000|  0%| F|  |TAMS 0x0000000087900000, 0x0000000087900000| Untracked 
|  90|0x0000000087a00000, 0x0000000087a00000, 0x0000000087b00000|  0%| F|  |TAMS 0x0000000087a00000, 0x0000000087a00000| Untracked 
|  91|0x0000000087b00000, 0x0000000087b00000, 0x0000000087c00000|  0%| F|  |TAMS 0x0000000087b00000, 0x0000000087b00000| Untracked 
|  92|0x0000000087c00000, 0x0000000087c00000, 0x0000000087d00000|  0%| F|  |TAMS 0x0000000087c00000, 0x0000000087c00000| Untracked 
|  93|0x0000000087d00000, 0x0000000087d00000, 0x0000000087e00000|  0%| F|  |TAMS 0x0000000087d00000, 0x0000000087d00000| Untracked 
|  94|0x0000000087e00000, 0x0000000087e00000, 0x0000000087f00000|  0%| F|  |TAMS 0x0000000087e00000, 0x0000000087e00000| Untracked 
|  95|0x0000000087f00000, 0x0000000087f00000, 0x0000000088000000|  0%| F|  |TAMS 0x0000000087f00000, 0x0000000087f00000| Untracked 
|  96|0x0000000088000000, 0x0000000088000000, 0x0000000088100000|  0%| F|  |TAMS 0x0000000088000000, 0x0000000088000000| Untracked 
|  97|0x0000000088100000, 0x0000000088100000, 0x0000000088200000|  0%| F|  |TAMS 0x0000000088100000, 0x0000000088100000| Untracked 
|  98|0x0000000088200000, 0x0000000088200000, 0x0000000088300000|  0%| F|  |TAMS 0x0000000088200000, 0x0000000088200000| Untracked 
|  99|0x0000000088300000, 0x0000000088300000, 0x0000000088400000|  0%| F|  |TAMS 0x0000000088300000, 0x0000000088300000| Untracked 
| 100|0x0000000088400000, 0x0000000088400000, 0x0000000088500000|  0%| F|  |TAMS 0x0000000088400000, 0x0000000088400000| Untracked 
| 101|0x0000000088500000, 0x0000000088500000, 0x0000000088600000|  0%| F|  |TAMS 0x0000000088500000, 0x0000000088500000| Untracked 
| 102|0x0000000088600000, 0x0000000088600000, 0x0000000088700000|  0%| F|  |TAMS 0x0000000088600000, 0x0000000088600000| Untracked 
| 103|0x0000000088700000, 0x0000000088700000, 0x0000000088800000|  0%| F|  |TAMS 0x0000000088700000, 0x0000000088700000| Untracked 
| 104|0x0000000088800000, 0x0000000088800000, 0x0000000088900000|  0%| F|  |TAMS 0x0000000088800000, 0x0000000088800000| Untracked 
| 105|0x0000000088900000, 0x0000000088900000, 0x0000000088a00000|  0%| F|  |TAMS 0x0000000088900000, 0x0000000088900000| Untracked 
| 106|0x0000000088a00000, 0x0000000088a00000, 0x0000000088b00000|  0%| F|  |TAMS 0x0000000088a00000, 0x0000000088a00000| Untracked 
| 107|0x0000000088b00000, 0x0000000088b00000, 0x0000000088c00000|  0%| F|  |TAMS 0x0000000088b00000, 0x0000000088b00000| Untracked 
| 108|0x0000000088c00000, 0x0000000088c00000, 0x0000000088d00000|  0%| F|  |TAMS 0x0000000088c00000, 0x0000000088c00000| Untracked 
| 109|0x0000000088d00000, 0x0000000088d00000, 0x0000000088e00000|  0%| F|  |TAMS 0x0000000088d00000, 0x0000000088d00000| Untracked 
| 110|0x0000000088e00000, 0x0000000088e00000, 0x0000000088f00000|  0%| F|  |TAMS 0x0000000088e00000, 0x0000000088e00000| Untracked 
| 111|0x0000000088f00000, 0x0000000088f00000, 0x0000000089000000|  0%| F|  |TAMS 0x0000000088f00000, 0x0000000088f00000| Untracked 
| 112|0x0000000089000000, 0x0000000089000000, 0x0000000089100000|  0%| F|  |TAMS 0x0000000089000000, 0x0000000089000000| Untracked 
| 113|0x0000000089100000, 0x0000000089100000, 0x0000000089200000|  0%| F|  |TAMS 0x0000000089100000, 0x0000000089100000| Untracked 
| 114|0x0000000089200000, 0x0000000089200000, 0x0000000089300000|  0%| F|  |TAMS 0x0000000089200000, 0x0000000089200000| Untracked 
| 115|0x0000000089300000, 0x0000000089398940, 0x0000000089400000| 59%| S|CS|TAMS 0x0000000089300000, 0x0000000089300000| Complete 
| 116|0x0000000089400000, 0x0000000089500000, 0x0000000089500000|100%| S|CS|TAMS 0x0000000089400000, 0x0000000089400000| Complete 
| 117|0x0000000089500000, 0x0000000089500000, 0x0000000089600000|  0%| F|  |TAMS 0x0000000089500000, 0x0000000089500000| Untracked 
| 118|0x0000000089600000, 0x0000000089600000, 0x0000000089700000|  0%| F|  |TAMS 0x0000000089600000, 0x0000000089600000| Untracked 
| 119|0x0000000089700000, 0x0000000089700000, 0x0000000089800000|  0%| F|  |TAMS 0x0000000089700000, 0x0000000089700000| Untracked 
| 120|0x0000000089800000, 0x0000000089800000, 0x0000000089900000|  0%| F|  |TAMS 0x0000000089800000, 0x0000000089800000| Untracked 
| 121|0x0000000089900000, 0x0000000089900000, 0x0000000089a00000|  0%| F|  |TAMS 0x0000000089900000, 0x0000000089900000| Untracked 
| 122|0x0000000089a00000, 0x0000000089a6aff8, 0x0000000089b00000| 41%| E|  |TAMS 0x0000000089a00000, 0x0000000089a00000| Complete 
| 123|0x0000000089b00000, 0x0000000089c00000, 0x0000000089c00000|100%| E|CS|TAMS 0x0000000089b00000, 0x0000000089b00000| Complete 
| 124|0x0000000089c00000, 0x0000000089d00000, 0x0000000089d00000|100%| E|CS|TAMS 0x0000000089c00000, 0x0000000089c00000| Complete 
| 125|0x0000000089d00000, 0x0000000089e00000, 0x0000000089e00000|100%| E|CS|TAMS 0x0000000089d00000, 0x0000000089d00000| Complete 

Card table byte_map: [0x000002207a430000,0x000002207a820000] _byte_map_base: 0x000002207a020000

Marking Bits (Prev, Next): (CMBitMap*) 0x0000022079f9e980, (CMBitMap*) 0x0000022079f9e948
 Prev Bits: [0x000002207cb90000, 0x000002207eb10000)
 Next Bits: [0x000002207ac10000, 0x000002207cb90000)

Polling page: 0x0000022077d80000

Metaspace:

Usage:
  Non-class:     19.89 MB capacity,    19.53 MB ( 98%) used,   310.95 KB (  2%) free+waste,    52.63 KB ( <1%) overhead. 
      Class:      2.67 MB capacity,     2.46 MB ( 92%) used,   193.33 KB (  7%) free+waste,    26.56 KB ( <1%) overhead. 
       Both:     22.56 MB capacity,    21.99 MB ( 97%) used,   504.27 KB (  2%) free+waste,    79.19 KB ( <1%) overhead. 

Virtual space:
  Non-class space:       20.00 MB reserved,      20.00 MB (100%) committed 
      Class space:        1.00 GB reserved,       2.75 MB ( <1%) committed 
             Both:        1.02 GB reserved,      22.75 MB (  2%) committed 

Chunk freelists:
   Non-Class:  6.63 KB
       Class:  0 bytes
        Both:  6.63 KB

CodeHeap 'non-profiled nmethods': size=120064Kb used=518Kb max_used=518Kb free=119545Kb
 bounds [0x000002200fd20000, 0x000002200ff90000, 0x0000022017260000]
CodeHeap 'profiled nmethods': size=120000Kb used=3002Kb max_used=3002Kb free=116997Kb
 bounds [0x00000220087f0000, 0x0000022008ae0000, 0x000002200fd20000]
CodeHeap 'non-nmethods': size=5696Kb used=1220Kb max_used=1231Kb free=4475Kb
 bounds [0x0000022008260000, 0x00000220084d0000, 0x00000220087f0000]
 total_blobs=2406 nmethods=1529 adapters=507
 compilation: enabled
              stopped_count=0, restarted_count=0
 full_count=0

Compilation events (10 events):
Event: 1.713 Thread 0x000002207f022000 1510       3       java.lang.invoke.DirectMethodHandle::afIndex (20 bytes)
Event: 1.713 Thread 0x000002207f022000 nmethod 1510 0x0000022008ad7c90 code [0x0000022008ad7e40, 0x0000022008ad7ff8]
Event: 1.713 Thread 0x000002207f022000 1511       3       java.lang.invoke.LambdaFormBuffer::indexOf (25 bytes)
Event: 1.713 Thread 0x000002207f022000 nmethod 1511 0x0000022008ad8090 code [0x0000022008ad8240, 0x0000022008ad8498]
Event: 1.714 Thread 0x000002207f022000 1512       3       java.util.ArrayList::grow (18 bytes)
Event: 1.714 Thread 0x000002207f022000 nmethod 1512 0x0000022008ad8590 code [0x0000022008ad8760, 0x0000022008ad8a20]
Event: 1.714 Thread 0x000002207f983000 1514       4       java.lang.StringBuilder::append (8 bytes)
Event: 1.717 Thread 0x000002207f022000 1516       3       jdk.internal.org.objectweb.asm.AnnotationWriter::put (109 bytes)
Event: 1.718 Thread 0x000002207f022000 nmethod 1516 0x0000022008ad8b90 code [0x0000022008ad8da0, 0x0000022008ad9240]
Event: 1.718 Thread 0x000002207f022000 1517   !   3       java.lang.invoke.ClassSpecializer$Factory::findGetter (41 bytes)

GC Heap History (4 events):
Event: 0.926 GC heap before
{Heap before GC invocations=0 (full 0):
 garbage-first heap   total 129024K, used 14336K [0x0000000082000000, 0x0000000100000000)
  region size 1024K, 14 young (14336K), 0 survivors (0K)
 Metaspace       used 14942K, capacity 15295K, committed 15360K, reserved 1062912K
  class space    used 1557K, capacity 1734K, committed 1792K, reserved 1048576K
}
Event: 0.934 GC heap after
{Heap after GC invocations=1 (full 0):
 garbage-first heap   total 129024K, used 2783K [0x0000000082000000, 0x0000000100000000)
  region size 1024K, 2 young (2048K), 2 survivors (2048K)
 Metaspace       used 14942K, capacity 15295K, committed 15360K, reserved 1062912K
  class space    used 1557K, capacity 1734K, committed 1792K, reserved 1048576K
}
Event: 1.526 GC heap before
{Heap before GC invocations=1 (full 0):
 garbage-first heap   total 129024K, used 9951K [0x0000000082000000, 0x0000000100000000)
  region size 1024K, 11 young (11264K), 2 survivors (2048K)
 Metaspace       used 20608K, capacity 21097K, committed 21248K, reserved 1069056K
  class space    used 2264K, capacity 2472K, committed 2560K, reserved 1048576K
}
Event: 1.533 GC heap after
{Heap after GC invocations=2 (full 0):
 garbage-first heap   total 129024K, used 4348K [0x0000000082000000, 0x0000000100000000)
  region size 1024K, 2 young (2048K), 2 survivors (2048K)
 Metaspace       used 20608K, capacity 21097K, committed 21248K, reserved 1069056K
  class space    used 2264K, capacity 2472K, committed 2560K, reserved 1048576K
}

Deoptimization events (10 events):
Event: 1.283 Thread 0x0000022019373000 Uncommon trap: reason=unstable_if action=reinterpret pc=0x000002200fd6dcb8 method=java.util.regex.Pattern$Branch.match(Ljava/util/regex/Matcher;ILjava/lang/CharSequence;)Z @ 19 c2
Event: 1.323 Thread 0x0000022019373000 Uncommon trap: reason=unstable_if action=reinterpret pc=0x000002200fd67748 method=java.lang.StringLatin1.indexOf([BI[BII)I @ 91 c2
Event: 1.388 Thread 0x0000022019373000 Uncommon trap: reason=unstable_if action=reinterpret pc=0x000002200fd588b0 method=java.lang.AbstractStringBuilder.append(Ljava/lang/String;)Ljava/lang/AbstractStringBuilder; @ 1 c2
Event: 1.406 Thread 0x00000220197db000 Uncommon trap: reason=unstable_if action=reinterpret pc=0x000002200fd5f64c method=java.lang.CharacterDataLatin1.digit(II)I @ 12 c2
Event: 1.428 Thread 0x0000022019373000 Uncommon trap: reason=unstable_if action=reinterpret pc=0x000002200fd38928 method=java.lang.String.equals(Ljava/lang/Object;)Z @ 27 c2
Event: 1.579 Thread 0x0000022019373000 Uncommon trap: reason=unstable_if action=reinterpret pc=0x000002200fd5f2c4 method=java.lang.CharacterDataLatin1.digit(II)I @ 12 c2
Event: 1.610 Thread 0x0000022019373000 Uncommon trap: reason=unstable_if action=reinterpret pc=0x000002200fd4d078 method=java.util.Objects.equals(Ljava/lang/Object;Ljava/lang/Object;)Z @ 6 c2
Event: 1.616 Thread 0x0000022019331800 Uncommon trap: reason=class_check action=maybe_recompile pc=0x000002200fd77f58 method=java.util.HashMap.putVal(ILjava/lang/Object;Ljava/lang/Object;ZZ)Ljava/lang/Object; @ 91 c2
Event: 1.616 Thread 0x0000022019331800 Uncommon trap: reason=class_check action=maybe_recompile pc=0x000002200fd6d35c method=java.util.HashMap.putVal(ILjava/lang/Object;Ljava/lang/Object;ZZ)Ljava/lang/Object; @ 91 c2
Event: 1.667 Thread 0x0000022019373000 Uncommon trap: reason=unstable_if action=reinterpret pc=0x000002200fd83388 method=java.lang.StringUTF16.compress([CI[BII)I @ 20 c2

Classes redefined (0 events):
No events

Internal exceptions (10 events):
Event: 0.780 Thread 0x0000022019373000 Exception <a 'sun/nio/fs/WindowsException'{0x000000008936aaf8}> (0x000000008936aaf8) thrown at [t:/workspace/open/src/hotspot/share/prims/jni.cpp, line 615]
Event: 0.783 Thread 0x0000022019373000 Exception <a 'java/lang/NoSuchMethodError'{0x0000000089372318}: java.lang.invoke.DirectMethodHandle$Holder.invokeSpecialIFC(Ljava/lang/Object;Ljava/lang/Object;I)I> (0x0000000089372318) thrown at [t:/workspace/open/src/hotspot/share/interpreter/linkResolv
Event: 1.219 Thread 0x0000022019373000 Exception <a 'java/lang/NoSuchMethodError'{0x0000000089bb8490}: java.lang.invoke.DirectMethodHandle$Holder.invokeStatic(Ljava/lang/Object;Ljava/lang/Object;IIII)Ljava/lang/Object;> (0x0000000089bb8490) thrown at [t:/workspace/open/src/hotspot/share/interp
Event: 1.219 Thread 0x0000022019373000 Exception <a 'java/lang/NoSuchMethodError'{0x0000000089bbb7d8}: java.lang.invoke.DirectMethodHandle$Holder.invokeStaticInit(Ljava/lang/Object;Ljava/lang/Object;IIII)Ljava/lang/Object;> (0x0000000089bbb7d8) thrown at [t:/workspace/open/src/hotspot/share/in
Event: 1.311 Thread 0x0000022019373000 Exception <a 'java/lang/ClassNotFoundException'{0x00000000899ad9c0}: sun/util/logging/resources/spi/loggingProvider> (0x00000000899ad9c0) thrown at [t:/workspace/open/src/hotspot/share/classfile/systemDictionary.cpp, line 231]
Event: 1.388 Thread 0x0000022019373000 Implicit null exception at 0x000002200fd58377 to 0x000002200fd58896
Event: 1.645 Thread 0x0000022019373000 Exception <a 'java/lang/NoSuchMethodError'{0x0000000089b06128}: java.lang.invoke.DirectMethodHandle$Holder.invokeStaticInit(Ljava/lang/Object;)V> (0x0000000089b06128) thrown at [t:/workspace/open/src/hotspot/share/interpreter/linkResolver.cpp, line 772]
Event: 1.708 Thread 0x0000022019373000 Exception <a 'java/lang/NoSuchMethodError'{0x0000000089a0a138}: java.lang.invoke.DirectMethodHandle$Holder.invokeStatic(Ljava/lang/Object;Ljava/lang/Object;Ljava/lang/Object;Ljava/lang/Object;Ljava/lang/Object;Ljava/lang/Object;Ljava/lang/Object;Ljava/lan
Event: 1.712 Thread 0x0000022019373000 Exception <a 'java/lang/NoSuchMethodError'{0x0000000089a285e0}: java.lang.invoke.DirectMethodHandle$Holder.invokeStatic(Ljava/lang/Object;Ljava/lang/Object;Ljava/lang/Object;Ljava/lang/Object;Ljava/lang/Object;Ljava/lang/Object;Ljava/lang/Object;Ljava/lan
Event: 1.717 Thread 0x0000022019373000 Exception <a 'java/lang/NoSuchMethodError'{0x0000000089a47818}: java.lang.invoke.DirectMethodHandle$Holder.invokeStatic(Ljava/lang/Object;Ljava/lang/Object;Ljava/lang/Object;Ljava/lang/Object;Ljava/lang/Object;Ljava/lang/Object;Ljava/lang/Object;Ljava/lan

Events (10 events):
Event: 1.698 loading class sun/awt/Symbol
Event: 1.698 loading class sun/awt/Symbol done
Event: 1.698 loading class sun/awt/Symbol$Encoder
Event: 1.698 loading class sun/awt/Symbol$Encoder done
Event: 1.702 loading class java/lang/invoke/BoundMethodHandle$Species_LLLLLLLLI
Event: 1.702 loading class java/lang/invoke/BoundMethodHandle$Species_LLLLLLLLI done
Event: 1.709 loading class java/lang/invoke/BoundMethodHandle$Species_LLLLLLLLII
Event: 1.709 loading class java/lang/invoke/BoundMethodHandle$Species_LLLLLLLLII done
Event: 1.716 loading class java/lang/invoke/BoundMethodHandle$Species_LLLLLLLLIIL
Event: 1.716 loading class java/lang/invoke/BoundMethodHandle$Species_LLLLLLLLIIL done


Dynamic libraries:
0x00007ff74d080000 - 0x00007ff74d0c7000 	C:\Program Files\Java\jdk-11.0.3\bin\javaw.exe
0x00007ffa516e0000 - 0x00007ffa518d0000 	C:\WINDOWS\SYSTEM32\ntdll.dll
0x00007ffa50980000 - 0x00007ffa50a32000 	C:\WINDOWS\System32\KERNEL32.DLL
0x00007ffa4eb90000 - 0x00007ffa4ee33000 	C:\WINDOWS\System32\KERNELBASE.dll
0x00007ffa50860000 - 0x00007ffa50903000 	C:\WINDOWS\System32\ADVAPI32.dll
0x00007ffa4fdf0000 - 0x00007ffa4fe8e000 	C:\WINDOWS\System32\msvcrt.dll
0x00007ffa512c0000 - 0x00007ffa51357000 	C:\WINDOWS\System32\sechost.dll
0x00007ffa50740000 - 0x00007ffa50860000 	C:\WINDOWS\System32\RPCRT4.dll
0x00007ffa50b20000 - 0x00007ffa50cb3000 	C:\WINDOWS\System32\USER32.dll
0x00007ffa4e970000 - 0x00007ffa4e991000 	C:\WINDOWS\System32\win32u.dll
0x00007ffa51670000 - 0x00007ffa51696000 	C:\WINDOWS\System32\GDI32.dll
0x00007ffa4e680000 - 0x00007ffa4e814000 	C:\WINDOWS\System32\gdi32full.dll
0x00007ffa4e8d0000 - 0x00007ffa4e96e000 	C:\WINDOWS\System32\msvcp_win.dll
0x00007ffa4f5c0000 - 0x00007ffa4f6ba000 	C:\WINDOWS\System32\ucrtbase.dll
0x00007ffa3e3a0000 - 0x00007ffa3e625000 	C:\WINDOWS\WinSxS\amd64_microsoft.windows.common-controls_6595b64144ccf1df_6.0.18362.239_none_e6c7aebd130c7608\COMCTL32.dll
0x00007ffa40310000 - 0x00007ffa4031a000 	C:\WINDOWS\SYSTEM32\VERSION.dll
0x00007ffa50f80000 - 0x00007ffa512b6000 	C:\WINDOWS\System32\combase.dll
0x00007ffa4eb10000 - 0x00007ffa4eb90000 	C:\WINDOWS\System32\bcryptPrimitives.dll
0x00007ffa4fd60000 - 0x00007ffa4fd8e000 	C:\WINDOWS\System32\IMM32.DLL
0x00007ffa22580000 - 0x00007ffa22596000 	C:\Program Files\Java\jdk-11.0.3\bin\vcruntime140.dll
0x00007ffa22340000 - 0x00007ffa223ea000 	C:\Program Files\Java\jdk-11.0.3\bin\msvcp140.dll
0x00007ff9f3a00000 - 0x00007ff9f4527000 	C:\Program Files\Java\jdk-11.0.3\bin\server\jvm.dll
0x00007ffa4fe90000 - 0x00007ffa4fe98000 	C:\WINDOWS\System32\PSAPI.DLL
0x00007ffa4d0e0000 - 0x00007ffa4d0e9000 	C:\WINDOWS\SYSTEM32\WSOCK32.dll
0x00007ffa49cc0000 - 0x00007ffa49ce4000 	C:\WINDOWS\SYSTEM32\WINMM.dll
0x00007ffa50910000 - 0x00007ffa5097f000 	C:\WINDOWS\System32\WS2_32.dll
0x00007ffa49c60000 - 0x00007ffa49c8d000 	C:\WINDOWS\SYSTEM32\winmmbase.dll
0x00007ffa4f6f0000 - 0x00007ffa4f73a000 	C:\WINDOWS\System32\cfgmgr32.dll
0x00007ffa4e5d0000 - 0x00007ffa4e5e1000 	C:\WINDOWS\System32\kernel.appcore.dll
0x00007ffa3f4d0000 - 0x00007ffa3f4e1000 	C:\Program Files\Java\jdk-11.0.3\bin\verify.dll
0x00007ffa4ced0000 - 0x00007ffa4d0c4000 	C:\WINDOWS\SYSTEM32\DBGHELP.DLL
0x00007ffa3ba80000 - 0x00007ffa3baaa000 	C:\WINDOWS\SYSTEM32\dbgcore.DLL
0x00007ffa115f0000 - 0x00007ffa11619000 	C:\Program Files\Java\jdk-11.0.3\bin\java.dll
0x00007ffa3f2b0000 - 0x00007ffa3f2c6000 	C:\Program Files\Java\jdk-11.0.3\bin\zip.dll
0x00007ffa47aa0000 - 0x00007ffa47aaa000 	C:\Program Files\Java\jdk-11.0.3\bin\jimage.dll
0x00007ffa50060000 - 0x00007ffa50740000 	C:\WINDOWS\System32\SHELL32.dll
0x00007ffa514c0000 - 0x00007ffa51569000 	C:\WINDOWS\System32\shcore.dll
0x00007ffa4ee40000 - 0x00007ffa4f5bb000 	C:\WINDOWS\System32\windows.storage.dll
0x00007ffa4e640000 - 0x00007ffa4e65f000 	C:\WINDOWS\System32\profapi.dll
0x00007ffa4e5f0000 - 0x00007ffa4e63a000 	C:\WINDOWS\System32\powrprof.dll
0x00007ffa4e5c0000 - 0x00007ffa4e5d0000 	C:\WINDOWS\System32\UMPDC.dll
0x00007ffa50cc0000 - 0x00007ffa50d12000 	C:\WINDOWS\System32\shlwapi.dll
0x00007ffa4e9a0000 - 0x00007ffa4e9b7000 	C:\WINDOWS\System32\cryptsp.dll
0x00007ffa3f250000 - 0x00007ffa3f269000 	C:\Program Files\Java\jdk-11.0.3\bin\net.dll
0x00007ffa41560000 - 0x00007ffa41736000 	C:\WINDOWS\SYSTEM32\urlmon.dll
0x00007ffa446a0000 - 0x00007ffa44790000 	C:\WINDOWS\SYSTEM32\WINHTTP.dll
0x00007ffa41930000 - 0x00007ffa41bd6000 	C:\WINDOWS\SYSTEM32\iertutil.dll
0x00007ffa4e000000 - 0x00007ffa4e00c000 	C:\WINDOWS\SYSTEM32\CRYPTBASE.DLL
0x00007ffa4de30000 - 0x00007ffa4de97000 	C:\WINDOWS\system32\mswsock.dll
0x00007ffa1e0c0000 - 0x00007ffa1e0d3000 	C:\Program Files\Java\jdk-11.0.3\bin\nio.dll
0x00007ffa0df40000 - 0x00007ffa0e0df000 	C:\Program Files\Java\jdk-11.0.3\bin\awt.dll
0x00007ffa50a50000 - 0x00007ffa50b14000 	C:\WINDOWS\System32\OLEAUT32.dll
0x00007ffa49f20000 - 0x00007ffa4a4e0000 	C:\WINDOWS\SYSTEM32\d2d1.dll
0x00007ffa4b7d0000 - 0x00007ffa4b85f000 	C:\WINDOWS\SYSTEM32\apphelp.dll
0x00007ffa4bd50000 - 0x00007ffa4bde9000 	C:\WINDOWS\system32\uxtheme.dll
0x00007ffa4feb0000 - 0x00007ffa4ffe7000 	C:\WINDOWS\System32\MSCTF.dll
0x00007ffa51360000 - 0x00007ffa514b6000 	C:\WINDOWS\System32\ole32.dll
0x00007ffa4c9b0000 - 0x00007ffa4c9dd000 	C:\WINDOWS\system32\DWMAPI.DLL
0x00007ffa42560000 - 0x00007ffa426af000 	C:\WINDOWS\system32\opengl32.dll
0x00007ffa473a0000 - 0x00007ffa473cc000 	C:\WINDOWS\SYSTEM32\GLU32.dll
0x00007ffa4d260000 - 0x00007ffa4d280000 	C:\WINDOWS\SYSTEM32\dxcore.dll
0x00007ffa11570000 - 0x00007ffa11597000 	C:\Program Files\Java\jdk-11.0.3\bin\sunec.dll
0x00007ffa4d9f0000 - 0x00007ffa4da23000 	C:\WINDOWS\system32\rsaenh.dll
0x00007ffa4f6c0000 - 0x00007ffa4f6e6000 	C:\WINDOWS\System32\bcrypt.dll
0x00007ffa4e4e0000 - 0x00007ffa4e505000 	C:\WINDOWS\SYSTEM32\USERENV.dll
0x00007ffa4db90000 - 0x00007ffa4dbca000 	C:\WINDOWS\SYSTEM32\IPHLPAPI.DLL
0x00007ffa4fea0000 - 0x00007ffa4fea8000 	C:\WINDOWS\System32\NSI.dll
0x00007ffa44220000 - 0x00007ffa44236000 	C:\WINDOWS\SYSTEM32\dhcpcsvc6.DLL
0x00007ffa45940000 - 0x00007ffa4595c000 	C:\WINDOWS\SYSTEM32\dhcpcsvc.DLL
0x00007ffa4dbd0000 - 0x00007ffa4dc9a000 	C:\WINDOWS\SYSTEM32\DNSAPI.dll
0x0000000068b30000 - 0x0000000068b56000 	C:\Program Files\Bonjour\mdnsNSP.dll
0x00007ffa3eb80000 - 0x00007ffa3eb8a000 	C:\Windows\System32\rasadhlp.dll
0x00007ffa43030000 - 0x00007ffa430a7000 	C:\WINDOWS\System32\fwpuclnt.dll
0x00007ffa222c0000 - 0x00007ffa22340000 	C:\Program Files\Java\jdk-11.0.3\bin\freetype.dll
0x00007ffa22250000 - 0x00007ffa222bf000 	C:\Program Files\Java\jdk-11.0.3\bin\fontmanager.dll
0x00007ffa50d20000 - 0x00007ffa50dc2000 	C:\WINDOWS\System32\clbcatq.dll
0x00007ffa481e0000 - 0x00007ffa4838f000 	C:\WINDOWS\SYSTEM32\WindowsCodecs.dll
0x00007ffa3fb00000 - 0x00007ffa3fb3a000 	C:\WINDOWS\system32\dataexchange.dll
0x00007ffa4a4e0000 - 0x00007ffa4a73b000 	C:\WINDOWS\system32\d3d11.dll
0x00007ffa4af80000 - 0x00007ffa4b15b000 	C:\WINDOWS\system32\dcomp.dll
0x00007ffa4d2f0000 - 0x00007ffa4d3da000 	C:\WINDOWS\system32\dxgi.dll
0x00007ffa4c660000 - 0x00007ffa4c8ba000 	C:\WINDOWS\system32\twinapi.appcore.dll
0x00007ffa4c9e0000 - 0x00007ffa4ca09000 	C:\WINDOWS\system32\RMCLIENT.dll

dbghelp: loaded successfully - version: 4.0.5 - missing functions: none
symbol engine: initialized successfully - sym options: 0x614 - pdb path: .;C:\Program Files\Java\jdk-11.0.3\bin;C:\WINDOWS\SYSTEM32;C:\WINDOWS\WinSxS\amd64_microsoft.windows.common-controls_6595b64144ccf1df_6.0.18362.239_none_e6c7aebd130c7608;C:\Program Files\Java\jdk-11.0.3\bin\server;C:\Program Files\Bonjour

VM Arguments:
jvm_args: -Dfile.encoding=UTF-8 
java_command: main.ThemPhong
java_class_path (initial): D:\Java\java-final-term\bin;D:\Java\java-final-term\jgoodies-forms-1.8.0.jar;D:\Java\java-final-term\mongo-java-driver-3.11.0-beta4.jar
Launcher Type: SUN_STANDARD

[Global flags]
     intx CICompilerCount                          = 3                                         {product} {ergonomic}
     uint ConcGCThreads                            = 1                                         {product} {ergonomic}
     uint G1ConcRefinementThreads                  = 4                                         {product} {ergonomic}
   size_t G1HeapRegionSize                         = 1048576                                   {product} {ergonomic}
    uintx GCDrainStackTargetSize                   = 64                                        {product} {ergonomic}
   size_t InitialHeapSize                          = 132120576                                 {product} {ergonomic}
   size_t MarkStackSize                            = 4194304                                   {product} {ergonomic}
   size_t MaxHeapSize                              = 2113929216                                {product} {ergonomic}
   size_t MaxNewSize                               = 1267728384                                {product} {ergonomic}
   size_t MinHeapDeltaBytes                        = 1048576                                   {product} {ergonomic}
    uintx NonNMethodCodeHeapSize                   = 5830092                                {pd product} {ergonomic}
    uintx NonProfiledCodeHeapSize                  = 122914074                              {pd product} {ergonomic}
    uintx ProfiledCodeHeapSize                     = 122914074                              {pd product} {ergonomic}
    uintx ReservedCodeCacheSize                    = 251658240                              {pd product} {ergonomic}
     bool SegmentedCodeCache                       = true                                      {product} {ergonomic}
     bool UseCompressedClassPointers               = true                                 {lp64_product} {ergonomic}
     bool UseCompressedOops                        = true                                 {lp64_product} {ergonomic}
     bool UseG1GC                                  = true                                      {product} {ergonomic}
     bool UseLargePagesIndividualAllocation        = false                                  {pd product} {ergonomic}

Logging:
Log output configuration:
 #0: stdout all=warning uptime,level,tags
 #1: stderr all=off uptime,level,tags

Environment Variables:
PATH=C:/Program Files/Java/jdk-11.0.3/bin/server;C:/Program Files/Java/jdk-11.0.3/bin;C:\Program Files (x86)\NVIDIA Corporation\PhysX\Common;C:\WINDOWS\system32;C:\WINDOWS;C:\WINDOWS\System32\Wbem;C:\WINDOWS\System32\WindowsPowerShell\v1.0\;C:\WINDOWS\System32\OpenSSH\;C:\Program Files\Microsoft SQL Server\Client SDK\ODBC\130\Tools\Binn\;C:\Program Files (x86)\Microsoft SQL Server\140\Tools\Binn\;C:\Program Files\Microsoft SQL Server\140\Tools\Binn\;C:\Program Files\Microsoft SQL Server\140\DTS\Binn\;C:\Program Files (x86)\Microsoft SQL Server\150\DTS\Binn\;C:\Program Files (x86)\Windows Kits\8.1\Windows Performance Toolkit\;C:\Users\tamto\AppData\Local\Microsoft\WindowsApps;;C:\Users\tamto\AppData\Local\Programs\Microsoft VS Code\bin;C:\WINDOWS\System32;
USERNAME=tamto
OS=Windows_NT
PROCESSOR_IDENTIFIER=Intel64 Family 6 Model 61 Stepping 4, GenuineIntel



---------------  S Y S T E M  ---------------

OS: Windows 10 , 64 bit Build 18362 (10.0.18362.86)

CPU:total 4 (initial active 4) (2 cores per cpu, 2 threads per core) family 6 model 61 stepping 4, cmov, cx8, fxsr, mmx, sse, sse2, sse3, ssse3, sse4.1, sse4.2, popcnt, avx, avx2, aes, clmul, erms, rtm, 3dnowpref, lzcnt, ht, tsc, tscinvbit, bmi1, bmi2, adx, fma

Memory: 4k page, system-wide physical 8063M (1062M free)
TotalPageFile size 26938M (AvailPageFile size 3M)
current process WorkingSet (physical memory assigned to process): 93M, peak: 93M
current process commit charge ("private bytes"): 228M, peak: 229M

vm_info: Java HotSpot(TM) 64-Bit Server VM (11.0.3+12-LTS) for windows-amd64 JRE (11.0.3+12-LTS), built on Apr  2 2019 12:43:09 by "mach5one" with MS VC++ 15.5 (VS2017)

END.
